TN:
TN:
SF:/Users/guch8017/Documents/Compile2020/2020fall-compiler_cminus/include/lightir/BasicBlock.h
FN:19,_ZN10BasicBlock6createEP6ModuleRKNSt3__112basic_stringIcNS2_11char_traitsIcEENS2_9allocatorIcEEEEP8Function
FNDA:436,_ZN10BasicBlock6createEP6ModuleRKNSt3__112basic_stringIcNS2_11char_traitsIcEENS2_9allocatorIcEEEEP8Function
FNF:1
FNH:1
DA:19,436
DA:21,436
DA:22,436
DA:23,0
LF:4
LH:3
end_of_record
SF:/Users/guch8017/Documents/Compile2020/2020fall-compiler_cminus/include/lightir/Constant.h
FN:30,_ZN11ConstantInt9get_valueEv
FN:72,_ZN10ConstantFP9get_valueEv
FNDA:1319,_ZN11ConstantInt9get_valueEv
FNDA:270,_ZN10ConstantFP9get_valueEv
FNF:2
FNH:2
DA:30,1319
DA:72,270
LF:2
LH:2
end_of_record
SF:/Users/guch8017/Documents/Compile2020/2020fall-compiler_cminus/include/lightir/Function.h
FN:43,_ZN8Function8get_argsEv
FNDA:912,_ZN8Function8get_argsEv
FNF:1
FNH:1
DA:43,912
LF:1
LH:1
end_of_record
SF:/Users/guch8017/Documents/Compile2020/2020fall-compiler_cminus/include/lightir/IRBuilder.h
FN:16,_ZN9IRBuilder16set_insert_pointEP10BasicBlock
FN:17,_ZN9IRBuilder11create_iaddEP5ValueS1_
FN:18,_ZN9IRBuilder11create_isubEP5ValueS1_
FN:19,_ZN9IRBuilder11create_imulEP5ValueS1_
FN:20,_ZN9IRBuilder12create_isdivEP5ValueS1_
FN:22,_ZN9IRBuilder14create_icmp_eqEP5ValueS1_
FN:23,_ZN9IRBuilder14create_icmp_neEP5ValueS1_
FN:24,_ZN9IRBuilder14create_icmp_gtEP5ValueS1_
FN:25,_ZN9IRBuilder14create_icmp_geEP5ValueS1_
FN:26,_ZN9IRBuilder14create_icmp_ltEP5ValueS1_
FN:27,_ZN9IRBuilder14create_icmp_leEP5ValueS1_
FN:29,_ZN9IRBuilder11create_callEP5ValueNSt3__16vectorIS1_NS2_9allocatorIS1_EEEE
FN:35,_ZN9IRBuilder9create_brEP10BasicBlock
FN:36,_ZN9IRBuilder14create_cond_brEP5ValueP10BasicBlockS3_
FN:38,_ZN9IRBuilder10create_retEP5Value
FN:39,_ZN9IRBuilder15create_void_retEv
FN:41,_ZN9IRBuilder10create_gepEP5ValueNSt3__16vectorIS1_NS2_9allocatorIS1_EEEE
FN:43,_ZN9IRBuilder12create_storeEP5ValueS1_
FN:45,_ZN9IRBuilder11create_loadEP5Value
FN:51,_ZN9IRBuilder13create_allocaEP4Type
FN:52,_ZN9IRBuilder11create_zextEP5ValueP4Type
FN:54,_ZN9IRBuilder13create_sitofpEP5ValueP4Type
FN:55,_ZN9IRBuilder13create_fptosiEP5ValueP4Type
FN:57,_ZN9IRBuilder14create_fcmp_neEP5ValueS1_
FN:58,_ZN9IRBuilder14create_fcmp_ltEP5ValueS1_
FN:59,_ZN9IRBuilder14create_fcmp_leEP5ValueS1_
FN:60,_ZN9IRBuilder14create_fcmp_geEP5ValueS1_
FN:61,_ZN9IRBuilder14create_fcmp_gtEP5ValueS1_
FN:62,_ZN9IRBuilder14create_fcmp_eqEP5ValueS1_
FN:64,_ZN9IRBuilder11create_faddEP5ValueS1_
FN:65,_ZN9IRBuilder11create_fsubEP5ValueS1_
FN:66,_ZN9IRBuilder11create_fmulEP5ValueS1_
FN:67,_ZN9IRBuilder11create_fdivEP5ValueS1_
FNDA:509,_ZN9IRBuilder16set_insert_pointEP10BasicBlock
FNDA:54,_ZN9IRBuilder11create_iaddEP5ValueS1_
FNDA:32,_ZN9IRBuilder11create_isubEP5ValueS1_
FNDA:14,_ZN9IRBuilder11create_imulEP5ValueS1_
FNDA:20,_ZN9IRBuilder12create_isdivEP5ValueS1_
FNDA:136,_ZN9IRBuilder14create_icmp_eqEP5ValueS1_
FNDA:13,_ZN9IRBuilder14create_icmp_neEP5ValueS1_
FNDA:10,_ZN9IRBuilder14create_icmp_gtEP5ValueS1_
FNDA:4,_ZN9IRBuilder14create_icmp_geEP5ValueS1_
FNDA:102,_ZN9IRBuilder14create_icmp_ltEP5ValueS1_
FNDA:4,_ZN9IRBuilder14create_icmp_leEP5ValueS1_
FNDA:353,_ZN9IRBuilder11create_callEP5ValueNSt3__16vectorIS1_NS2_9allocatorIS1_EEEE
FNDA:196,_ZN9IRBuilder9create_brEP10BasicBlock
FNDA:129,_ZN9IRBuilder14create_cond_brEP5ValueP10BasicBlockS3_
FNDA:108,_ZN9IRBuilder10create_retEP5Value
FNDA:76,_ZN9IRBuilder15create_void_retEv
FNDA:200,_ZN9IRBuilder10create_gepEP5ValueNSt3__16vectorIS1_NS2_9allocatorIS1_EEEE
FNDA:640,_ZN9IRBuilder12create_storeEP5ValueS1_
FNDA:839,_ZN9IRBuilder11create_loadEP5Value
FNDA:230,_ZN9IRBuilder13create_allocaEP4Type
FNDA:194,_ZN9IRBuilder11create_zextEP5ValueP4Type
FNDA:162,_ZN9IRBuilder13create_sitofpEP5ValueP4Type
FNDA:110,_ZN9IRBuilder13create_fptosiEP5ValueP4Type
FNDA:12,_ZN9IRBuilder14create_fcmp_neEP5ValueS1_
FNDA:10,_ZN9IRBuilder14create_fcmp_ltEP5ValueS1_
FNDA:2,_ZN9IRBuilder14create_fcmp_leEP5ValueS1_
FNDA:2,_ZN9IRBuilder14create_fcmp_geEP5ValueS1_
FNDA:2,_ZN9IRBuilder14create_fcmp_gtEP5ValueS1_
FNDA:26,_ZN9IRBuilder14create_fcmp_eqEP5ValueS1_
FNDA:26,_ZN9IRBuilder11create_faddEP5ValueS1_
FNDA:12,_ZN9IRBuilder11create_fsubEP5ValueS1_
FNDA:8,_ZN9IRBuilder11create_fmulEP5ValueS1_
FNDA:20,_ZN9IRBuilder11create_fdivEP5ValueS1_
FNF:33
FNH:33
DA:16,509
DA:17,54
DA:18,32
DA:19,14
DA:20,20
DA:22,136
DA:23,13
DA:24,10
DA:25,4
DA:26,102
DA:27,4
DA:29,353
DA:31,706
DA:32,353
DA:33,0
DA:35,196
DA:36,129
DA:38,108
DA:39,76
DA:41,200
DA:43,640
DA:45,839
DA:47,1678
DA:48,839
DA:51,230
DA:52,194
DA:54,162
DA:55,110
DA:57,12
DA:58,10
DA:59,2
DA:60,2
DA:61,2
DA:62,26
DA:64,26
DA:65,12
DA:66,8
DA:67,20
LF:38
LH:37
end_of_record
SF:/Users/guch8017/Documents/Compile2020/2020fall-compiler_cminus/include/lightir/Type.h
FN:30,_ZNK4Type11get_type_idEv
FN:32,_ZNK4Type12is_void_typeEv
FN:36,_ZNK4Type15is_integer_typeEv
FN:38,_ZNK4Type16is_function_typeEv
FN:40,_ZNK4Type13is_array_typeEv
FN:42,_ZNK4Type15is_pointer_typeEv
FN:44,_ZNK4Type13is_float_typeEv
FN:117,_ZNK9ArrayType16get_element_typeEv
FNDA:29062,_ZNK4Type11get_type_idEv
FNDA:1263,_ZNK4Type12is_void_typeEv
FNDA:3077,_ZNK4Type15is_integer_typeEv
FNDA:1582,_ZNK4Type16is_function_typeEv
FNDA:2644,_ZNK4Type13is_array_typeEv
FNDA:10303,_ZNK4Type15is_pointer_typeEv
FNDA:1011,_ZNK4Type13is_float_typeEv
FNDA:632,_ZNK9ArrayType16get_element_typeEv
FNF:8
FNH:8
DA:30,29062
DA:32,1263
DA:36,3077
DA:38,1582
DA:40,2644
DA:42,10303
DA:44,1011
DA:117,632
LF:8
LH:8
end_of_record
SF:/Users/guch8017/Documents/Compile2020/2020fall-compiler_cminus/include/lightir/Value.h
FN:24,_ZNK5Value8get_typeEv
FNDA:17452,_ZNK5Value8get_typeEv
FNF:1
FNH:1
DA:24,17452
LF:1
LH:1
end_of_record
SF:/Applications/Xcode.app/Contents/Developer/Toolchains/XcodeDefault.xctoolchain/usr/include/c++/v1/__functional_base
FN:53,_ZNKSt3__14lessINS_12basic_stringIcNS_11char_traitsIcEENS_9allocatorIcEEEEEclERKS6_S9_
FNDA:6501,_ZNKSt3__14lessINS_12basic_stringIcNS_11char_traitsIcEENS_9allocatorIcEEEEEclERKS6_S9_
FNF:1
FNH:1
DA:53,6501
DA:54,6501
LF:2
LH:2
end_of_record
SF:/Applications/Xcode.app/Contents/Developer/Toolchains/XcodeDefault.xctoolchain/usr/include/c++/v1/__locale
FN:248,_ZNSt3__1L9use_facetINS_5ctypeIcEEEERKT_RKNS_6localeE
FN:679,_ZNKSt3__15ctypeIcE5widenEc
FNDA:0,_ZNSt3__1L9use_facetINS_5ctypeIcEEEERKT_RKNS_6localeE
FNDA:0,_ZNKSt3__15ctypeIcE5widenEc
FNF:2
FNH:0
DA:248,0
DA:250,0
DA:679,0
DA:681,0
LF:4
LH:0
end_of_record
SF:/Applications/Xcode.app/Contents/Developer/Toolchains/XcodeDefault.xctoolchain/usr/include/c++/v1/__split_buffer
FN:56,_ZNSt3__114__split_bufferIPiNS_9allocatorIS1_EEE7__allocEv
FN:56,_ZNSt3__114__split_bufferIPP5ValueNS_9allocatorIS3_EEE7__allocEv
FN:56,_ZNSt3__114__split_bufferINS_3mapINS_12basic_stringIcNS_11char_traitsIcEENS_9allocatorIcEEEEP5ValueNS_4lessIS7_EENS5_INS_4pairIKS7_S9_EEEEEERNS5_ISG_EEE7__allocEv
FN:56,_ZNSt3__114__split_bufferIPiRNS_9allocatorIS1_EEE7__allocEv
FN:56,_ZNSt3__114__split_bufferIPP5ValueRNS_9allocatorIS3_EEE7__allocEv
FN:56,_ZNSt3__114__split_bufferIP5ValueRNS_9allocatorIS2_EEE7__allocEv
FN:56,_ZNSt3__114__split_bufferIP4TypeRNS_9allocatorIS2_EEE7__allocEv
FN:58,_ZNSt3__114__split_bufferIP5ValueRNS_9allocatorIS2_EEE9__end_capEv
FN:58,_ZNSt3__114__split_bufferIPiNS_9allocatorIS1_EEE9__end_capEv
FN:58,_ZNSt3__114__split_bufferIP4TypeRNS_9allocatorIS2_EEE9__end_capEv
FN:58,_ZNSt3__114__split_bufferIPP5ValueNS_9allocatorIS3_EEE9__end_capEv
FN:58,_ZNSt3__114__split_bufferIPiRNS_9allocatorIS1_EEE9__end_capEv
FN:58,_ZNSt3__114__split_bufferINS_3mapINS_12basic_stringIcNS_11char_traitsIcEENS_9allocatorIcEEEEP5ValueNS_4lessIS7_EENS5_INS_4pairIKS7_S9_EEEEEERNS5_ISG_EEE9__end_capEv
FN:58,_ZNSt3__114__split_bufferIPP5ValueRNS_9allocatorIS3_EEE9__end_capEv
FN:59,_ZNKSt3__114__split_bufferINS_3mapINS_12basic_stringIcNS_11char_traitsIcEENS_9allocatorIcEEEEP5ValueNS_4lessIS7_EENS5_INS_4pairIKS7_S9_EEEEEERNS5_ISG_EEE9__end_capEv
FN:59,_ZNKSt3__114__split_bufferIP4TypeRNS_9allocatorIS2_EEE9__end_capEv
FN:59,_ZNKSt3__114__split_bufferIPiRNS_9allocatorIS1_EEE9__end_capEv
FN:59,_ZNKSt3__114__split_bufferIPiNS_9allocatorIS1_EEE9__end_capEv
FN:59,_ZNKSt3__114__split_bufferIP5ValueRNS_9allocatorIS2_EEE9__end_capEv
FN:59,_ZNKSt3__114__split_bufferIPP5ValueRNS_9allocatorIS3_EEE9__end_capEv
FN:59,_ZNKSt3__114__split_bufferIPP5ValueNS_9allocatorIS3_EEE9__end_capEv
FN:81,_ZNSt3__114__split_bufferIPiNS_9allocatorIS1_EEE5beginEv
FN:81,_ZNSt3__114__split_bufferIPP5ValueNS_9allocatorIS3_EEE5beginEv
FN:83,_ZNSt3__114__split_bufferIPP5ValueNS_9allocatorIS3_EEE3endEv
FN:83,_ZNSt3__114__split_bufferIPiNS_9allocatorIS1_EEE3endEv
FN:87,_ZNSt3__114__split_bufferIP4TypeRNS_9allocatorIS2_EEE5clearEv
FN:87,_ZNSt3__114__split_bufferIP5ValueRNS_9allocatorIS2_EEE5clearEv
FN:87,_ZNSt3__114__split_bufferIPP5ValueNS_9allocatorIS3_EEE5clearEv
FN:87,_ZNSt3__114__split_bufferIPiRNS_9allocatorIS1_EEE5clearEv
FN:87,_ZNSt3__114__split_bufferIPiNS_9allocatorIS1_EEE5clearEv
FN:87,_ZNSt3__114__split_bufferIPP5ValueRNS_9allocatorIS3_EEE5clearEv
FN:87,_ZNSt3__114__split_bufferINS_3mapINS_12basic_stringIcNS_11char_traitsIcEENS_9allocatorIcEEEEP5ValueNS_4lessIS7_EENS5_INS_4pairIKS7_S9_EEEEEERNS5_ISG_EEE5clearEv
FN:89,_ZNKSt3__114__split_bufferIPP5ValueNS_9allocatorIS3_EEE4sizeEv
FN:89,_ZNKSt3__114__split_bufferIPiNS_9allocatorIS1_EEE4sizeEv
FN:90,_ZNKSt3__114__split_bufferIPP5ValueNS_9allocatorIS3_EEE5emptyEv
FN:90,_ZNKSt3__114__split_bufferIPiNS_9allocatorIS1_EEE5emptyEv
FN:91,_ZNKSt3__114__split_bufferINS_3mapINS_12basic_stringIcNS_11char_traitsIcEENS_9allocatorIcEEEEP5ValueNS_4lessIS7_EENS5_INS_4pairIKS7_S9_EEEEEERNS5_ISG_EEE8capacityEv
FN:91,_ZNKSt3__114__split_bufferIP5ValueRNS_9allocatorIS2_EEE8capacityEv
FN:91,_ZNKSt3__114__split_bufferIPiRNS_9allocatorIS1_EEE8capacityEv
FN:91,_ZNKSt3__114__split_bufferIPP5ValueNS_9allocatorIS3_EEE8capacityEv
FN:91,_ZNKSt3__114__split_bufferIP4TypeRNS_9allocatorIS2_EEE8capacityEv
FN:91,_ZNKSt3__114__split_bufferIPiNS_9allocatorIS1_EEE8capacityEv
FN:91,_ZNKSt3__114__split_bufferIPP5ValueRNS_9allocatorIS3_EEE8capacityEv
FN:93,_ZNKSt3__114__split_bufferIPP5ValueNS_9allocatorIS3_EEE12__back_spareEv
FN:93,_ZNKSt3__114__split_bufferIPiNS_9allocatorIS1_EEE12__back_spareEv
FN:95,_ZNSt3__114__split_bufferIPiNS_9allocatorIS1_EEE5frontEv
FN:95,_ZNSt3__114__split_bufferIPP5ValueNS_9allocatorIS3_EEE5frontEv
FN:97,_ZNSt3__114__split_bufferIPiNS_9allocatorIS1_EEE4backEv
FN:97,_ZNSt3__114__split_bufferIPP5ValueNS_9allocatorIS3_EEE4backEv
FN:111,_ZNSt3__114__split_bufferIPiNS_9allocatorIS1_EEE9pop_frontEv
FN:111,_ZNSt3__114__split_bufferIPP5ValueNS_9allocatorIS3_EEE9pop_frontEv
FN:112,_ZNSt3__114__split_bufferIPP5ValueNS_9allocatorIS3_EEE8pop_backEv
FN:112,_ZNSt3__114__split_bufferIPiNS_9allocatorIS1_EEE8pop_backEv
FN:132,_ZNSt3__114__split_bufferIPP5ValueNS_9allocatorIS3_EEE19__destruct_at_beginEPS3_
FN:132,_ZNSt3__114__split_bufferIPiNS_9allocatorIS1_EEE19__destruct_at_beginEPS1_
FN:140,_ZNSt3__114__split_bufferIPiNS_9allocatorIS1_EEE17__destruct_at_endEPS1_
FN:140,_ZNSt3__114__split_bufferIPP5ValueNS_9allocatorIS3_EEE17__destruct_at_endEPS3_
FN:140,_ZNSt3__114__split_bufferIPP5ValueRNS_9allocatorIS3_EEE17__destruct_at_endEPS3_
FN:140,_ZNSt3__114__split_bufferINS_3mapINS_12basic_stringIcNS_11char_traitsIcEENS_9allocatorIcEEEEP5ValueNS_4lessIS7_EENS5_INS_4pairIKS7_S9_EEEEEERNS5_ISG_EEE17__destruct_at_endEPSG_
FN:140,_ZNSt3__114__split_bufferIPiRNS_9allocatorIS1_EEE17__destruct_at_endEPS1_
FN:140,_ZNSt3__114__split_bufferIP5ValueRNS_9allocatorIS2_EEE17__destruct_at_endEPS2_
FN:140,_ZNSt3__114__split_bufferIP4TypeRNS_9allocatorIS2_EEE17__destruct_at_endEPS2_
FN:166,_ZNSt3__114__split_bufferIPiRNS_9allocatorIS1_EEE21_ConstructTransactionC1EPPS1_m
FN:166,_ZNSt3__114__split_bufferIPP5ValueRNS_9allocatorIS3_EEE21_ConstructTransactionC1EPPS3_m
FN:166,_ZNSt3__114__split_bufferIPP5ValueRNS_9allocatorIS3_EEE21_ConstructTransactionC2EPPS3_m
FN:166,_ZNSt3__114__split_bufferIPiRNS_9allocatorIS1_EEE21_ConstructTransactionC2EPPS1_m
FN:169,_ZNSt3__114__split_bufferIPP5ValueRNS_9allocatorIS3_EEE21_ConstructTransactionD2Ev
FN:169,_ZNSt3__114__split_bufferIPiRNS_9allocatorIS1_EEE21_ConstructTransactionD2Ev
FN:169,_ZNSt3__114__split_bufferIPiRNS_9allocatorIS1_EEE21_ConstructTransactionD1Ev
FN:169,_ZNSt3__114__split_bufferIPP5ValueRNS_9allocatorIS3_EEE21_ConstructTransactionD1Ev
FN:271,_ZNSt3__114__split_bufferIPP5ValueRNS_9allocatorIS3_EEE18__construct_at_endINS_13move_iteratorIPS3_EEEENS_9enable_ifIXsr27__is_cpp17_forward_iteratorIT_EE5valueEvE4typeESD_SD_
FN:271,_ZNSt3__114__split_bufferIPiRNS_9allocatorIS1_EEE18__construct_at_endINS_13move_iteratorIPS1_EEEENS_9enable_ifIXsr27__is_cpp17_forward_iteratorIT_EE5valueEvE4typeESB_SB_
FN:292,_ZNSt3__114__split_bufferIPiNS_9allocatorIS1_EEE19__destruct_at_beginEPS1_NS_17integral_constantIbLb1EEE
FN:292,_ZNSt3__114__split_bufferIPP5ValueNS_9allocatorIS3_EEE19__destruct_at_beginEPS3_NS_17integral_constantIbLb1EEE
FN:300,_ZNSt3__114__split_bufferIP4TypeRNS_9allocatorIS2_EEE17__destruct_at_endEPS2_NS_17integral_constantIbLb0EEE
FN:300,_ZNSt3__114__split_bufferIPP5ValueRNS_9allocatorIS3_EEE17__destruct_at_endEPS3_NS_17integral_constantIbLb0EEE
FN:300,_ZNSt3__114__split_bufferIPiRNS_9allocatorIS1_EEE17__destruct_at_endEPS1_NS_17integral_constantIbLb0EEE
FN:300,_ZNSt3__114__split_bufferIP5ValueRNS_9allocatorIS2_EEE17__destruct_at_endEPS2_NS_17integral_constantIbLb0EEE
FN:300,_ZNSt3__114__split_bufferIPiNS_9allocatorIS1_EEE17__destruct_at_endEPS1_NS_17integral_constantIbLb0EEE
FN:300,_ZNSt3__114__split_bufferIPP5ValueNS_9allocatorIS3_EEE17__destruct_at_endEPS3_NS_17integral_constantIbLb0EEE
FN:300,_ZNSt3__114__split_bufferINS_3mapINS_12basic_stringIcNS_11char_traitsIcEENS_9allocatorIcEEEEP5ValueNS_4lessIS7_EENS5_INS_4pairIKS7_S9_EEEEEERNS5_ISG_EEE17__destruct_at_endEPSG_NS_17integral_constantIbLb0EEE
FN:315,_ZNSt3__114__split_bufferIPiRNS_9allocatorIS1_EEEC1EmmS4_
FN:315,_ZNSt3__114__split_bufferIP4TypeRNS_9allocatorIS2_EEEC2EmmS5_
FN:315,_ZNSt3__114__split_bufferIPP5ValueRNS_9allocatorIS3_EEEC2EmmS6_
FN:315,_ZNSt3__114__split_bufferINS_3mapINS_12basic_stringIcNS_11char_traitsIcEENS_9allocatorIcEEEEP5ValueNS_4lessIS7_EENS5_INS_4pairIKS7_S9_EEEEEERNS5_ISG_EEEC2EmmSI_
FN:315,_ZNSt3__114__split_bufferIP5ValueRNS_9allocatorIS2_EEEC2EmmS5_
FN:315,_ZNSt3__114__split_bufferIPP5ValueRNS_9allocatorIS3_EEEC1EmmS6_
FN:315,_ZNSt3__114__split_bufferINS_3mapINS_12basic_stringIcNS_11char_traitsIcEENS_9allocatorIcEEEEP5ValueNS_4lessIS7_EENS5_INS_4pairIKS7_S9_EEEEEERNS5_ISG_EEEC1EmmSI_
FN:315,_ZNSt3__114__split_bufferIP4TypeRNS_9allocatorIS2_EEEC1EmmS5_
FN:315,_ZNSt3__114__split_bufferIP5ValueRNS_9allocatorIS2_EEEC1EmmS5_
FN:315,_ZNSt3__114__split_bufferIPiRNS_9allocatorIS1_EEEC2EmmS4_
FN:325,_ZNSt3__114__split_bufferIPiNS_9allocatorIS1_EEEC2Ev
FN:325,_ZNSt3__114__split_bufferIPiNS_9allocatorIS1_EEEC1Ev
FN:325,_ZNSt3__114__split_bufferIPP5ValueNS_9allocatorIS3_EEEC1Ev
FN:325,_ZNSt3__114__split_bufferIPP5ValueNS_9allocatorIS3_EEEC2Ev
FN:346,_ZNSt3__114__split_bufferIP4TypeRNS_9allocatorIS2_EEED1Ev
FN:346,_ZNSt3__114__split_bufferIPiNS_9allocatorIS1_EEED2Ev
FN:346,_ZNSt3__114__split_bufferIPP5ValueRNS_9allocatorIS3_EEED1Ev
FN:346,_ZNSt3__114__split_bufferIPiNS_9allocatorIS1_EEED1Ev
FN:346,_ZNSt3__114__split_bufferIPiRNS_9allocatorIS1_EEED2Ev
FN:346,_ZNSt3__114__split_bufferIP5ValueRNS_9allocatorIS2_EEED1Ev
FN:346,_ZNSt3__114__split_bufferINS_3mapINS_12basic_stringIcNS_11char_traitsIcEENS_9allocatorIcEEEEP5ValueNS_4lessIS7_EENS5_INS_4pairIKS7_S9_EEEEEERNS5_ISG_EEED2Ev
FN:346,_ZNSt3__114__split_bufferINS_3mapINS_12basic_stringIcNS_11char_traitsIcEENS_9allocatorIcEEEEP5ValueNS_4lessIS7_EENS5_INS_4pairIKS7_S9_EEEEEERNS5_ISG_EEED1Ev
FN:346,_ZNSt3__114__split_bufferIP5ValueRNS_9allocatorIS2_EEED2Ev
FN:346,_ZNSt3__114__split_bufferIPiRNS_9allocatorIS1_EEED1Ev
FN:346,_ZNSt3__114__split_bufferIPP5ValueNS_9allocatorIS3_EEED2Ev
FN:346,_ZNSt3__114__split_bufferIP4TypeRNS_9allocatorIS2_EEED2Ev
FN:346,_ZNSt3__114__split_bufferIPP5ValueRNS_9allocatorIS3_EEED2Ev
FN:346,_ZNSt3__114__split_bufferIPP5ValueNS_9allocatorIS3_EEED1Ev
FN:475,_ZNSt3__114__split_bufferIPP5ValueRNS_9allocatorIS3_EEE10push_frontERKS3_
FN:475,_ZNSt3__114__split_bufferIPiRNS_9allocatorIS1_EEE10push_frontERKS1_
FN:506,_ZNSt3__114__split_bufferIPP5ValueNS_9allocatorIS3_EEE10push_frontEOS3_
FN:506,_ZNSt3__114__split_bufferIPiNS_9allocatorIS1_EEE10push_frontEOS1_
FN:539,_ZNSt3__114__split_bufferIPP5ValueNS_9allocatorIS3_EEE9push_backERKS3_
FN:539,_ZNSt3__114__split_bufferIPiNS_9allocatorIS1_EEE9push_backERKS1_
FN:570,_ZNSt3__114__split_bufferIPiNS_9allocatorIS1_EEE9push_backEOS1_
FN:570,_ZNSt3__114__split_bufferIPP5ValueRNS_9allocatorIS3_EEE9push_backEOS3_
FN:570,_ZNSt3__114__split_bufferIPiRNS_9allocatorIS1_EEE9push_backEOS1_
FN:570,_ZNSt3__114__split_bufferIPP5ValueNS_9allocatorIS3_EEE9push_backEOS3_
FNDA:18,_ZNSt3__114__split_bufferIPP5ValueNS_9allocatorIS3_EEE7__allocEv
FNDA:18,_ZNSt3__114__split_bufferIPiNS_9allocatorIS1_EEE7__allocEv
FNDA:0,_ZNSt3__114__split_bufferINS_3mapINS_12basic_stringIcNS_11char_traitsIcEENS_9allocatorIcEEEEP5ValueNS_4lessIS7_EENS5_INS_4pairIKS7_S9_EEEEEERNS5_ISG_EEE7__allocEv
FNDA:0,_ZNSt3__114__split_bufferIP4TypeRNS_9allocatorIS2_EEE7__allocEv
FNDA:12,_ZNSt3__114__split_bufferIPP5ValueRNS_9allocatorIS3_EEE7__allocEv
FNDA:12,_ZNSt3__114__split_bufferIPiRNS_9allocatorIS1_EEE7__allocEv
FNDA:3909,_ZNSt3__114__split_bufferIP5ValueRNS_9allocatorIS2_EEE7__allocEv
FNDA:0,_ZNSt3__114__split_bufferINS_3mapINS_12basic_stringIcNS_11char_traitsIcEENS_9allocatorIcEEEEP5ValueNS_4lessIS7_EENS5_INS_4pairIKS7_S9_EEEEEERNS5_ISG_EEE9__end_capEv
FNDA:0,_ZNSt3__114__split_bufferIP4TypeRNS_9allocatorIS2_EEE9__end_capEv
FNDA:6,_ZNSt3__114__split_bufferIPP5ValueNS_9allocatorIS3_EEE9__end_capEv
FNDA:18,_ZNSt3__114__split_bufferIPP5ValueRNS_9allocatorIS3_EEE9__end_capEv
FNDA:6,_ZNSt3__114__split_bufferIPiNS_9allocatorIS1_EEE9__end_capEv
FNDA:18,_ZNSt3__114__split_bufferIPiRNS_9allocatorIS1_EEE9__end_capEv
FNDA:7530,_ZNSt3__114__split_bufferIP5ValueRNS_9allocatorIS2_EEE9__end_capEv
FNDA:18,_ZNKSt3__114__split_bufferIPP5ValueNS_9allocatorIS3_EEE9__end_capEv
FNDA:18,_ZNKSt3__114__split_bufferIPiNS_9allocatorIS1_EEE9__end_capEv
FNDA:0,_ZNKSt3__114__split_bufferINS_3mapINS_12basic_stringIcNS_11char_traitsIcEENS_9allocatorIcEEEEP5ValueNS_4lessIS7_EENS5_INS_4pairIKS7_S9_EEEEEERNS5_ISG_EEE9__end_capEv
FNDA:0,_ZNKSt3__114__split_bufferIP4TypeRNS_9allocatorIS2_EEE9__end_capEv
FNDA:0,_ZNKSt3__114__split_bufferIPP5ValueRNS_9allocatorIS3_EEE9__end_capEv
FNDA:0,_ZNKSt3__114__split_bufferIPiRNS_9allocatorIS1_EEE9__end_capEv
FNDA:60,_ZNKSt3__114__split_bufferIP5ValueRNS_9allocatorIS2_EEE9__end_capEv
FNDA:14337,_ZNSt3__114__split_bufferIPP5ValueNS_9allocatorIS3_EEE5beginEv
FNDA:10243,_ZNSt3__114__split_bufferIPiNS_9allocatorIS1_EEE5beginEv
FNDA:12,_ZNSt3__114__split_bufferIPP5ValueNS_9allocatorIS3_EEE3endEv
FNDA:12,_ZNSt3__114__split_bufferIPiNS_9allocatorIS1_EEE3endEv
FNDA:6,_ZNSt3__114__split_bufferIPP5ValueNS_9allocatorIS3_EEE5clearEv
FNDA:6,_ZNSt3__114__split_bufferIPiNS_9allocatorIS1_EEE5clearEv
FNDA:0,_ZNSt3__114__split_bufferINS_3mapINS_12basic_stringIcNS_11char_traitsIcEENS_9allocatorIcEEEEP5ValueNS_4lessIS7_EENS5_INS_4pairIKS7_S9_EEEEEERNS5_ISG_EEE5clearEv
FNDA:0,_ZNSt3__114__split_bufferIP4TypeRNS_9allocatorIS2_EEE5clearEv
FNDA:6,_ZNSt3__114__split_bufferIPP5ValueRNS_9allocatorIS3_EEE5clearEv
FNDA:6,_ZNSt3__114__split_bufferIPiRNS_9allocatorIS1_EEE5clearEv
FNDA:3765,_ZNSt3__114__split_bufferIP5ValueRNS_9allocatorIS2_EEE5clearEv
FNDA:17678,_ZNKSt3__114__split_bufferIPP5ValueNS_9allocatorIS3_EEE4sizeEv
FNDA:14706,_ZNKSt3__114__split_bufferIPiNS_9allocatorIS1_EEE4sizeEv
FNDA:4427,_ZNKSt3__114__split_bufferIPP5ValueNS_9allocatorIS3_EEE5emptyEv
FNDA:3684,_ZNKSt3__114__split_bufferIPiNS_9allocatorIS1_EEE5emptyEv
FNDA:18,_ZNKSt3__114__split_bufferIPP5ValueNS_9allocatorIS3_EEE8capacityEv
FNDA:18,_ZNKSt3__114__split_bufferIPiNS_9allocatorIS1_EEE8capacityEv
FNDA:0,_ZNKSt3__114__split_bufferINS_3mapINS_12basic_stringIcNS_11char_traitsIcEENS_9allocatorIcEEEEP5ValueNS_4lessIS7_EENS5_INS_4pairIKS7_S9_EEEEEERNS5_ISG_EEE8capacityEv
FNDA:0,_ZNKSt3__114__split_bufferIP4TypeRNS_9allocatorIS2_EEE8capacityEv
FNDA:0,_ZNKSt3__114__split_bufferIPP5ValueRNS_9allocatorIS3_EEE8capacityEv
FNDA:0,_ZNKSt3__114__split_bufferIPiRNS_9allocatorIS1_EEE8capacityEv
FNDA:60,_ZNKSt3__114__split_bufferIP5ValueRNS_9allocatorIS2_EEE8capacityEv
FNDA:0,_ZNKSt3__114__split_bufferIPP5ValueNS_9allocatorIS3_EEE12__back_spareEv
FNDA:0,_ZNKSt3__114__split_bufferIPiNS_9allocatorIS1_EEE12__back_spareEv
FNDA:0,_ZNSt3__114__split_bufferIPP5ValueNS_9allocatorIS3_EEE5frontEv
FNDA:0,_ZNSt3__114__split_bufferIPiNS_9allocatorIS1_EEE5frontEv
FNDA:0,_ZNSt3__114__split_bufferIPP5ValueNS_9allocatorIS3_EEE4backEv
FNDA:0,_ZNSt3__114__split_bufferIPiNS_9allocatorIS1_EEE4backEv
FNDA:0,_ZNSt3__114__split_bufferIPP5ValueNS_9allocatorIS3_EEE9pop_frontEv
FNDA:0,_ZNSt3__114__split_bufferIPiNS_9allocatorIS1_EEE9pop_frontEv
FNDA:0,_ZNSt3__114__split_bufferIPP5ValueNS_9allocatorIS3_EEE8pop_backEv
FNDA:0,_ZNSt3__114__split_bufferIPiNS_9allocatorIS1_EEE8pop_backEv
FNDA:0,_ZNSt3__114__split_bufferIPP5ValueNS_9allocatorIS3_EEE19__destruct_at_beginEPS3_
FNDA:0,_ZNSt3__114__split_bufferIPiNS_9allocatorIS1_EEE19__destruct_at_beginEPS1_
FNDA:6,_ZNSt3__114__split_bufferIPP5ValueNS_9allocatorIS3_EEE17__destruct_at_endEPS3_
FNDA:6,_ZNSt3__114__split_bufferIPiNS_9allocatorIS1_EEE17__destruct_at_endEPS1_
FNDA:0,_ZNSt3__114__split_bufferINS_3mapINS_12basic_stringIcNS_11char_traitsIcEENS_9allocatorIcEEEEP5ValueNS_4lessIS7_EENS5_INS_4pairIKS7_S9_EEEEEERNS5_ISG_EEE17__destruct_at_endEPSG_
FNDA:0,_ZNSt3__114__split_bufferIP4TypeRNS_9allocatorIS2_EEE17__destruct_at_endEPS2_
FNDA:6,_ZNSt3__114__split_bufferIPP5ValueRNS_9allocatorIS3_EEE17__destruct_at_endEPS3_
FNDA:6,_ZNSt3__114__split_bufferIPiRNS_9allocatorIS1_EEE17__destruct_at_endEPS1_
FNDA:3765,_ZNSt3__114__split_bufferIP5ValueRNS_9allocatorIS2_EEE17__destruct_at_endEPS2_
FNDA:0,_ZNSt3__114__split_bufferIPP5ValueRNS_9allocatorIS3_EEE21_ConstructTransactionC1EPPS3_m
FNDA:0,_ZNSt3__114__split_bufferIPP5ValueRNS_9allocatorIS3_EEE21_ConstructTransactionC2EPPS3_m
FNDA:0,_ZNSt3__114__split_bufferIPiRNS_9allocatorIS1_EEE21_ConstructTransactionC1EPPS1_m
FNDA:0,_ZNSt3__114__split_bufferIPiRNS_9allocatorIS1_EEE21_ConstructTransactionC2EPPS1_m
FNDA:0,_ZNSt3__114__split_bufferIPP5ValueRNS_9allocatorIS3_EEE21_ConstructTransactionD1Ev
FNDA:0,_ZNSt3__114__split_bufferIPP5ValueRNS_9allocatorIS3_EEE21_ConstructTransactionD2Ev
FNDA:0,_ZNSt3__114__split_bufferIPiRNS_9allocatorIS1_EEE21_ConstructTransactionD1Ev
FNDA:0,_ZNSt3__114__split_bufferIPiRNS_9allocatorIS1_EEE21_ConstructTransactionD2Ev
FNDA:0,_ZNSt3__114__split_bufferIPP5ValueRNS_9allocatorIS3_EEE18__construct_at_endINS_13move_iteratorIPS3_EEEENS_9enable_ifIXsr27__is_cpp17_forward_iteratorIT_EE5valueEvE4typeESD_SD_
FNDA:0,_ZNSt3__114__split_bufferIPiRNS_9allocatorIS1_EEE18__construct_at_endINS_13move_iteratorIPS1_EEEENS_9enable_ifIXsr27__is_cpp17_forward_iteratorIT_EE5valueEvE4typeESB_SB_
FNDA:0,_ZNSt3__114__split_bufferIPP5ValueNS_9allocatorIS3_EEE19__destruct_at_beginEPS3_NS_17integral_constantIbLb1EEE
FNDA:0,_ZNSt3__114__split_bufferIPiNS_9allocatorIS1_EEE19__destruct_at_beginEPS1_NS_17integral_constantIbLb1EEE
FNDA:6,_ZNSt3__114__split_bufferIPP5ValueNS_9allocatorIS3_EEE17__destruct_at_endEPS3_NS_17integral_constantIbLb0EEE
FNDA:6,_ZNSt3__114__split_bufferIPiNS_9allocatorIS1_EEE17__destruct_at_endEPS1_NS_17integral_constantIbLb0EEE
FNDA:0,_ZNSt3__114__split_bufferINS_3mapINS_12basic_stringIcNS_11char_traitsIcEENS_9allocatorIcEEEEP5ValueNS_4lessIS7_EENS5_INS_4pairIKS7_S9_EEEEEERNS5_ISG_EEE17__destruct_at_endEPSG_NS_17integral_constantIbLb0EEE
FNDA:0,_ZNSt3__114__split_bufferIP4TypeRNS_9allocatorIS2_EEE17__destruct_at_endEPS2_NS_17integral_constantIbLb0EEE
FNDA:6,_ZNSt3__114__split_bufferIPP5ValueRNS_9allocatorIS3_EEE17__destruct_at_endEPS3_NS_17integral_constantIbLb0EEE
FNDA:6,_ZNSt3__114__split_bufferIPiRNS_9allocatorIS1_EEE17__destruct_at_endEPS1_NS_17integral_constantIbLb0EEE
FNDA:3765,_ZNSt3__114__split_bufferIP5ValueRNS_9allocatorIS2_EEE17__destruct_at_endEPS2_NS_17integral_constantIbLb0EEE
FNDA:0,_ZNSt3__114__split_bufferINS_3mapINS_12basic_stringIcNS_11char_traitsIcEENS_9allocatorIcEEEEP5ValueNS_4lessIS7_EENS5_INS_4pairIKS7_S9_EEEEEERNS5_ISG_EEEC1EmmSI_
FNDA:0,_ZNSt3__114__split_bufferINS_3mapINS_12basic_stringIcNS_11char_traitsIcEENS_9allocatorIcEEEEP5ValueNS_4lessIS7_EENS5_INS_4pairIKS7_S9_EEEEEERNS5_ISG_EEEC2EmmSI_
FNDA:0,_ZNSt3__114__split_bufferIP4TypeRNS_9allocatorIS2_EEEC1EmmS5_
FNDA:0,_ZNSt3__114__split_bufferIP4TypeRNS_9allocatorIS2_EEEC2EmmS5_
FNDA:6,_ZNSt3__114__split_bufferIPP5ValueRNS_9allocatorIS3_EEEC1EmmS6_
FNDA:6,_ZNSt3__114__split_bufferIPP5ValueRNS_9allocatorIS3_EEEC2EmmS6_
FNDA:6,_ZNSt3__114__split_bufferIPiRNS_9allocatorIS1_EEEC1EmmS4_
FNDA:6,_ZNSt3__114__split_bufferIPiRNS_9allocatorIS1_EEEC2EmmS4_
FNDA:3765,_ZNSt3__114__split_bufferIP5ValueRNS_9allocatorIS2_EEEC1EmmS5_
FNDA:3765,_ZNSt3__114__split_bufferIP5ValueRNS_9allocatorIS2_EEEC2EmmS5_
FNDA:6,_ZNSt3__114__split_bufferIPP5ValueNS_9allocatorIS3_EEEC1Ev
FNDA:6,_ZNSt3__114__split_bufferIPP5ValueNS_9allocatorIS3_EEEC2Ev
FNDA:6,_ZNSt3__114__split_bufferIPiNS_9allocatorIS1_EEEC1Ev
FNDA:6,_ZNSt3__114__split_bufferIPiNS_9allocatorIS1_EEEC2Ev
FNDA:6,_ZNSt3__114__split_bufferIPP5ValueNS_9allocatorIS3_EEED1Ev
FNDA:6,_ZNSt3__114__split_bufferIPP5ValueNS_9allocatorIS3_EEED2Ev
FNDA:6,_ZNSt3__114__split_bufferIPiNS_9allocatorIS1_EEED1Ev
FNDA:6,_ZNSt3__114__split_bufferIPiNS_9allocatorIS1_EEED2Ev
FNDA:0,_ZNSt3__114__split_bufferINS_3mapINS_12basic_stringIcNS_11char_traitsIcEENS_9allocatorIcEEEEP5ValueNS_4lessIS7_EENS5_INS_4pairIKS7_S9_EEEEEERNS5_ISG_EEED1Ev
FNDA:0,_ZNSt3__114__split_bufferINS_3mapINS_12basic_stringIcNS_11char_traitsIcEENS_9allocatorIcEEEEP5ValueNS_4lessIS7_EENS5_INS_4pairIKS7_S9_EEEEEERNS5_ISG_EEED2Ev
FNDA:0,_ZNSt3__114__split_bufferIP4TypeRNS_9allocatorIS2_EEED1Ev
FNDA:0,_ZNSt3__114__split_bufferIP4TypeRNS_9allocatorIS2_EEED2Ev
FNDA:6,_ZNSt3__114__split_bufferIPP5ValueRNS_9allocatorIS3_EEED1Ev
FNDA:6,_ZNSt3__114__split_bufferIPP5ValueRNS_9allocatorIS3_EEED2Ev
FNDA:6,_ZNSt3__114__split_bufferIPiRNS_9allocatorIS1_EEED1Ev
FNDA:6,_ZNSt3__114__split_bufferIPiRNS_9allocatorIS1_EEED2Ev
FNDA:3765,_ZNSt3__114__split_bufferIP5ValueRNS_9allocatorIS2_EEED1Ev
FNDA:3765,_ZNSt3__114__split_bufferIP5ValueRNS_9allocatorIS2_EEED2Ev
FNDA:0,_ZNSt3__114__split_bufferIPP5ValueRNS_9allocatorIS3_EEE10push_frontERKS3_
FNDA:0,_ZNSt3__114__split_bufferIPiRNS_9allocatorIS1_EEE10push_frontERKS1_
FNDA:0,_ZNSt3__114__split_bufferIPP5ValueNS_9allocatorIS3_EEE10push_frontEOS3_
FNDA:0,_ZNSt3__114__split_bufferIPiNS_9allocatorIS1_EEE10push_frontEOS1_
FNDA:0,_ZNSt3__114__split_bufferIPP5ValueNS_9allocatorIS3_EEE9push_backERKS3_
FNDA:0,_ZNSt3__114__split_bufferIPiNS_9allocatorIS1_EEE9push_backERKS1_
FNDA:0,_ZNSt3__114__split_bufferIPP5ValueNS_9allocatorIS3_EEE9push_backEOS3_
FNDA:6,_ZNSt3__114__split_bufferIPP5ValueRNS_9allocatorIS3_EEE9push_backEOS3_
FNDA:0,_ZNSt3__114__split_bufferIPiNS_9allocatorIS1_EEE9push_backEOS1_
FNDA:6,_ZNSt3__114__split_bufferIPiRNS_9allocatorIS1_EEE9push_backEOS1_
FNF:119
FNH:61
DA:56,3969
DA:58,7578
DA:59,96
DA:81,24580
DA:83,24
DA:87,3789
DA:88,3789
DA:89,32384
DA:90,8111
DA:91,96
DA:93,0
DA:95,0
DA:97,0
DA:111,0
DA:112,0
DA:132,0
DA:133,0
DA:140,3789
DA:141,3789
DA:166,0
DA:167,0
DA:168,0
DA:169,0
DA:170,0
DA:171,0
DA:271,0
DA:273,0
DA:274,0
DA:275,0
DA:276,0
DA:277,0
DA:278,0
DA:292,0
DA:294,0
DA:295,0
DA:300,3789
DA:302,3885
DA:303,96
DA:304,3789
DA:315,7554
DA:316,3777
DA:317,7554
DA:318,3777
DA:319,3777
DA:320,3777
DA:321,7554
DA:325,24
DA:327,12
DA:328,24
DA:329,24
DA:346,7578
DA:347,3789
DA:348,3789
DA:349,3789
DA:350,72
DA:351,7578
DA:475,0
DA:477,0
DA:479,0
DA:481,0
DA:482,0
DA:483,0
DA:484,0
DA:485,0
DA:488,0
DA:489,0
DA:490,0
DA:491,0
DA:492,0
DA:493,0
DA:494,0
DA:495,0
DA:496,0
DA:497,0
DA:498,0
DA:499,0
DA:500,0
DA:506,0
DA:508,0
DA:510,0
DA:512,0
DA:513,0
DA:514,0
DA:515,0
DA:516,0
DA:519,0
DA:520,0
DA:521,0
DA:522,0
DA:523,0
DA:524,0
DA:525,0
DA:526,0
DA:527,0
DA:528,0
DA:529,0
DA:530,0
DA:531,0
DA:532,0
DA:539,0
DA:541,0
DA:543,0
DA:545,0
DA:546,0
DA:547,0
DA:548,0
DA:549,0
DA:552,0
DA:553,0
DA:554,0
DA:555,0
DA:556,0
DA:557,0
DA:558,0
DA:559,0
DA:560,0
DA:561,0
DA:562,0
DA:563,0
DA:564,0
DA:570,12
DA:572,12
DA:574,0
DA:576,0
DA:577,0
DA:578,0
DA:579,0
DA:580,0
DA:583,0
DA:584,0
DA:585,0
DA:586,0
DA:587,0
DA:588,0
DA:589,0
DA:590,0
DA:591,0
DA:592,0
DA:593,24
DA:594,12
DA:595,12
DA:596,12
LF:142
LH:39
end_of_record
SF:/Applications/Xcode.app/Contents/Developer/Toolchains/XcodeDefault.xctoolchain/usr/include/c++/v1/__string
FN:245,_ZNSt3__111char_traitsIcE2eqEcc
FN:253,_ZNSt3__111char_traitsIcE6lengthEPKc
FN:279,_ZNSt3__111char_traitsIcE7not_eofEi
FN:281,_ZNSt3__111char_traitsIcE12to_char_typeEi
FN:283,_ZNSt3__111char_traitsIcE11to_int_typeEc
FN:285,_ZNSt3__111char_traitsIcE11eq_int_typeEii
FN:287,_ZNSt3__111char_traitsIcE3eofEv
FN:293,_ZNSt3__111char_traitsIcE7compareEPKcS3_m
FNDA:0,_ZNSt3__111char_traitsIcE2eqEcc
FNDA:0,_ZNSt3__111char_traitsIcE6lengthEPKc
FNDA:0,_ZNSt3__111char_traitsIcE7not_eofEi
FNDA:0,_ZNSt3__111char_traitsIcE12to_char_typeEi
FNDA:0,_ZNSt3__111char_traitsIcE11to_int_typeEc
FNDA:0,_ZNSt3__111char_traitsIcE11eq_int_typeEii
FNDA:0,_ZNSt3__111char_traitsIcE3eofEv
FNDA:0,_ZNSt3__111char_traitsIcE7compareEPKcS3_m
FNF:8
FNH:0
DA:245,0
DA:246,0
DA:253,0
DA:279,0
DA:280,0
DA:281,0
DA:282,0
DA:283,0
DA:284,0
DA:285,0
DA:286,0
DA:287,0
DA:288,0
DA:293,0
DA:295,0
DA:296,0
DA:298,0
DA:311,0
LF:18
LH:0
end_of_record
SF:/Applications/Xcode.app/Contents/Developer/Toolchains/XcodeDefault.xctoolchain/usr/include/c++/v1/__tree
FN:79,_ZNSt3__1L20__tree_is_left_childIPNS_16__tree_node_baseIPvEEEEbT_
FN:233,_ZNSt3__118__tree_left_rotateIPNS_16__tree_node_baseIPvEEEEvT_
FN:253,_ZNSt3__119__tree_right_rotateIPNS_16__tree_node_baseIPvEEEEvT_
FN:278,_ZNSt3__127__tree_balance_after_insertIPNS_16__tree_node_baseIPvEEEEvT_S5_
FN:596,_ZNSt3__122__tree_key_value_typesINS_12__value_typeINS_12basic_stringIcNS_11char_traitsIcEENS_9allocatorIcEEEEP5ValueEEE9__get_keyINS_4pairIKS7_S9_EEEENS_9enable_ifIXsr17__is_same_uncvrefIT_SF_EE5valueERSE_E4typeERSH_
FN:615,_ZNSt3__122__tree_key_value_typesINS_12__value_typeINS_12basic_stringIcNS_11char_traitsIcEENS_9allocatorIcEEEEP5ValueEEE9__get_ptrERSA_
FN:719,_ZNSt3__115__tree_end_nodeIPNS_16__tree_node_baseIPvEEEC1Ev
FN:719,_ZNSt3__115__tree_end_nodeIPNS_16__tree_node_baseIPvEEEC2Ev
FN:737,_ZNKSt3__116__tree_node_baseIPvE15__parent_unsafeEv
FN:740,_ZNSt3__116__tree_node_baseIPvE12__set_parentEPS2_
FN:787,_ZNSt3__122__tree_node_destructorINS_9allocatorINS_11__tree_nodeINS_12__value_typeINS_12basic_stringIcNS_11char_traitsIcEENS1_IcEEEEP5ValueEEPvEEEEEC2ERSE_b
FN:787,_ZNSt3__122__tree_node_destructorINS_9allocatorINS_11__tree_nodeINS_12__value_typeINS_12basic_stringIcNS_11char_traitsIcEENS1_IcEEEEP5ValueEEPvEEEEEC1ERSE_b
FN:793,_ZNSt3__122__tree_node_destructorINS_9allocatorINS_11__tree_nodeINS_12__value_typeINS_12basic_stringIcNS_11char_traitsIcEENS1_IcEEEEP5ValueEEPvEEEEEclEPSD_
FN:840,_ZNKSt3__115__tree_iteratorINS_12__value_typeINS_12basic_stringIcNS_11char_traitsIcEENS_9allocatorIcEEEEP5ValueEEPNS_11__tree_nodeISA_PvEElEdeEv
FN:842,_ZNKSt3__115__tree_iteratorINS_12__value_typeINS_12basic_stringIcNS_11char_traitsIcEENS_9allocatorIcEEEEP5ValueEEPNS_11__tree_nodeISA_PvEElEptEv
FN:866,_ZNSt3__1eqERKNS_15__tree_iteratorINS_12__value_typeINS_12basic_stringIcNS_11char_traitsIcEENS_9allocatorIcEEEEP5ValueEEPNS_11__tree_nodeISA_PvEElEESH_
FN:869,_ZNSt3__1neERKNS_15__tree_iteratorINS_12__value_typeINS_12basic_stringIcNS_11char_traitsIcEENS_9allocatorIcEEEEP5ValueEEPNS_11__tree_nodeISA_PvEElEESH_
FN:874,_ZNSt3__115__tree_iteratorINS_12__value_typeINS_12basic_stringIcNS_11char_traitsIcEENS_9allocatorIcEEEEP5ValueEEPNS_11__tree_nodeISA_PvEElEC2ESE_
FN:874,_ZNSt3__115__tree_iteratorINS_12__value_typeINS_12basic_stringIcNS_11char_traitsIcEENS_9allocatorIcEEEEP5ValueEEPNS_11__tree_nodeISA_PvEElEC1ESE_
FN:876,_ZNSt3__115__tree_iteratorINS_12__value_typeINS_12basic_stringIcNS_11char_traitsIcEENS_9allocatorIcEEEEP5ValueEEPNS_11__tree_nodeISA_PvEElEC2EPNS_15__tree_end_nodeIPNS_16__tree_node_baseISC_EEEE
FN:876,_ZNSt3__115__tree_iteratorINS_12__value_typeINS_12basic_stringIcNS_11char_traitsIcEENS_9allocatorIcEEEEP5ValueEEPNS_11__tree_nodeISA_PvEElEC1EPNS_15__tree_end_nodeIPNS_16__tree_node_baseISC_EEEE
FN:878,_ZNKSt3__115__tree_iteratorINS_12__value_typeINS_12basic_stringIcNS_11char_traitsIcEENS_9allocatorIcEEEEP5ValueEEPNS_11__tree_nodeISA_PvEElE8__get_npEv
FN:1041,_ZNSt3__16__treeINS_12__value_typeINS_12basic_stringIcNS_11char_traitsIcEENS_9allocatorIcEEEEP5ValueEENS_19__map_value_compareIS7_SA_NS_4lessIS7_EELb1EEENS5_ISA_EEE10__end_nodeEv
FN:1048,_ZNKSt3__16__treeINS_12__value_typeINS_12basic_stringIcNS_11char_traitsIcEENS_9allocatorIcEEEEP5ValueEENS_19__map_value_compareIS7_SA_NS_4lessIS7_EELb1EEENS5_ISA_EEE10__end_nodeEv
FN:1057,_ZNSt3__16__treeINS_12__value_typeINS_12basic_stringIcNS_11char_traitsIcEENS_9allocatorIcEEEEP5ValueEENS_19__map_value_compareIS7_SA_NS_4lessIS7_EELb1EEENS5_ISA_EEE12__node_allocEv
FN:1063,_ZNSt3__16__treeINS_12__value_typeINS_12basic_stringIcNS_11char_traitsIcEENS_9allocatorIcEEEEP5ValueEENS_19__map_value_compareIS7_SA_NS_4lessIS7_EELb1EEENS5_ISA_EEE12__begin_nodeEv
FN:1072,_ZNSt3__16__treeINS_12__value_typeINS_12basic_stringIcNS_11char_traitsIcEENS_9allocatorIcEEEEP5ValueEENS_19__map_value_compareIS7_SA_NS_4lessIS7_EELb1EEENS5_ISA_EEE4sizeEv
FN:1077,_ZNSt3__16__treeINS_12__value_typeINS_12basic_stringIcNS_11char_traitsIcEENS_9allocatorIcEEEEP5ValueEENS_19__map_value_compareIS7_SA_NS_4lessIS7_EELb1EEENS5_ISA_EEE10value_compEv
FN:1084,_ZNKSt3__16__treeINS_12__value_typeINS_12basic_stringIcNS_11char_traitsIcEENS_9allocatorIcEEEEP5ValueEENS_19__map_value_compareIS7_SA_NS_4lessIS7_EELb1EEENS5_ISA_EEE6__rootEv
FN:1087,_ZNKSt3__16__treeINS_12__value_typeINS_12basic_stringIcNS_11char_traitsIcEENS_9allocatorIcEEEEP5ValueEENS_19__map_value_compareIS7_SA_NS_4lessIS7_EELb1EEENS5_ISA_EEE10__root_ptrEv
FN:1126,_ZNSt3__16__treeINS_12__value_typeINS_12basic_stringIcNS_11char_traitsIcEENS_9allocatorIcEEEEP5ValueEENS_19__map_value_compareIS7_SA_NS_4lessIS7_EELb1EEENS5_ISA_EEE3endEv
FN:1284,_ZNSt3__16__treeINS_12__value_typeINS_12basic_stringIcNS_11char_traitsIcEENS_9allocatorIcEEEEP5ValueEENS_19__map_value_compareIS7_SA_NS_4lessIS7_EELb1EEENS5_ISA_EEE15__insert_uniqueEONS_4pairIKS7_S9_EE
FN:1568,_ZNSt3__16__treeINS_12__value_typeINS_12basic_stringIcNS_11char_traitsIcEENS_9allocatorIcEEEEP5ValueEENS_19__map_value_compareIS7_SA_NS_4lessIS7_EELb1EEENS5_ISA_EEEC2ERKSE_
FN:1568,_ZNSt3__16__treeINS_12__value_typeINS_12basic_stringIcNS_11char_traitsIcEENS_9allocatorIcEEEEP5ValueEENS_19__map_value_compareIS7_SA_NS_4lessIS7_EELb1EEENS5_ISA_EEEC1ERKSE_
FN:1712,_ZNSt3__16__treeINS_12__value_typeINS_12basic_stringIcNS_11char_traitsIcEENS_9allocatorIcEEEEP5ValueEENS_19__map_value_compareIS7_SA_NS_4lessIS7_EELb1EEENS5_ISA_EEEC2EOSG_
FN:1712,_ZNSt3__16__treeINS_12__value_typeINS_12basic_stringIcNS_11char_traitsIcEENS_9allocatorIcEEEEP5ValueEENS_19__map_value_compareIS7_SA_NS_4lessIS7_EELb1EEENS5_ISA_EEEC1EOSG_
FN:1820,_ZNSt3__16__treeINS_12__value_typeINS_12basic_stringIcNS_11char_traitsIcEENS_9allocatorIcEEEEP5ValueEENS_19__map_value_compareIS7_SA_NS_4lessIS7_EELb1EEENS5_ISA_EEED1Ev
FN:1820,_ZNSt3__16__treeINS_12__value_typeINS_12basic_stringIcNS_11char_traitsIcEENS_9allocatorIcEEEEP5ValueEENS_19__map_value_compareIS7_SA_NS_4lessIS7_EELb1EEENS5_ISA_EEED2Ev
FN:1829,_ZNSt3__16__treeINS_12__value_typeINS_12basic_stringIcNS_11char_traitsIcEENS_9allocatorIcEEEEP5ValueEENS_19__map_value_compareIS7_SA_NS_4lessIS7_EELb1EEENS5_ISA_EEE7destroyEPNS_11__tree_nodeISA_PvEE
FN:2001,_ZNSt3__16__treeINS_12__value_typeINS_12basic_stringIcNS_11char_traitsIcEENS_9allocatorIcEEEEP5ValueEENS_19__map_value_compareIS7_SA_NS_4lessIS7_EELb1EEENS5_ISA_EEE12__find_equalIS7_EERPNS_16__tree_node_baseIPvEERPNS_15__tree_end_nodeISL_EERKT_
FN:2105,_ZNSt3__16__treeINS_12__value_typeINS_12basic_stringIcNS_11char_traitsIcEENS_9allocatorIcEEEEP5ValueEENS_19__map_value_compareIS7_SA_NS_4lessIS7_EELb1EEENS5_ISA_EEE16__insert_node_atEPNS_15__tree_end_nodeIPNS_16__tree_node_baseIPvEEEERSL_SL_
FN:2124,_ZNSt3__16__treeINS_12__value_typeINS_12basic_stringIcNS_11char_traitsIcEENS_9allocatorIcEEEEP5ValueEENS_19__map_value_compareIS7_SA_NS_4lessIS7_EELb1EEENS5_ISA_EEE25__emplace_unique_key_argsIS7_JNS_4pairIKS7_S9_EEEEENSI_INS_15__tree_iteratorISA_PNS_11__tree_nodeISA_PvEElEEbEERKT_DpOT0_
FN:2188,_ZNSt3__16__treeINS_12__value_typeINS_12basic_stringIcNS_11char_traitsIcEENS_9allocatorIcEEEEP5ValueEENS_19__map_value_compareIS7_SA_NS_4lessIS7_EELb1EEENS5_ISA_EEE16__construct_nodeIJNS_4pairIKS7_S9_EEEEENS_10unique_ptrINS_11__tree_nodeISA_PvEENS_22__tree_node_destructorINS5_ISO_EEEEEEDpOT_
FN:2564,_ZNSt3__16__treeINS_12__value_typeINS_12basic_stringIcNS_11char_traitsIcEENS_9allocatorIcEEEEP5ValueEENS_19__map_value_compareIS7_SA_NS_4lessIS7_EELb1EEENS5_ISA_EEE4findIS7_EENS_15__tree_iteratorISA_PNS_11__tree_nodeISA_PvEElEERKT_
FN:2631,_ZNSt3__16__treeINS_12__value_typeINS_12basic_stringIcNS_11char_traitsIcEENS_9allocatorIcEEEEP5ValueEENS_19__map_value_compareIS7_SA_NS_4lessIS7_EELb1EEENS5_ISA_EEE13__lower_boundIS7_EENS_15__tree_iteratorISA_PNS_11__tree_nodeISA_PvEElEERKT_SM_PNS_15__tree_end_nodeIPNS_16__tree_node_baseISK_EEEE
FNDA:0,_ZNSt3__1L20__tree_is_left_childIPNS_16__tree_node_baseIPvEEEEbT_
FNDA:0,_ZNSt3__118__tree_left_rotateIPNS_16__tree_node_baseIPvEEEEvT_
FNDA:0,_ZNSt3__119__tree_right_rotateIPNS_16__tree_node_baseIPvEEEEvT_
FNDA:0,_ZNSt3__127__tree_balance_after_insertIPNS_16__tree_node_baseIPvEEEEvT_S5_
FNDA:0,_ZNSt3__122__tree_key_value_typesINS_12__value_typeINS_12basic_stringIcNS_11char_traitsIcEENS_9allocatorIcEEEEP5ValueEEE9__get_keyINS_4pairIKS7_S9_EEEENS_9enable_ifIXsr17__is_same_uncvrefIT_SF_EE5valueERSE_E4typeERSH_
FNDA:0,_ZNSt3__122__tree_key_value_typesINS_12__value_typeINS_12basic_stringIcNS_11char_traitsIcEENS_9allocatorIcEEEEP5ValueEEE9__get_ptrERSA_
FNDA:0,_ZNSt3__115__tree_end_nodeIPNS_16__tree_node_baseIPvEEEC1Ev
FNDA:0,_ZNSt3__115__tree_end_nodeIPNS_16__tree_node_baseIPvEEEC2Ev
FNDA:0,_ZNKSt3__116__tree_node_baseIPvE15__parent_unsafeEv
FNDA:0,_ZNSt3__116__tree_node_baseIPvE12__set_parentEPS2_
FNDA:0,_ZNSt3__122__tree_node_destructorINS_9allocatorINS_11__tree_nodeINS_12__value_typeINS_12basic_stringIcNS_11char_traitsIcEENS1_IcEEEEP5ValueEEPvEEEEEC1ERSE_b
FNDA:0,_ZNSt3__122__tree_node_destructorINS_9allocatorINS_11__tree_nodeINS_12__value_typeINS_12basic_stringIcNS_11char_traitsIcEENS1_IcEEEEP5ValueEEPvEEEEEC2ERSE_b
FNDA:0,_ZNSt3__122__tree_node_destructorINS_9allocatorINS_11__tree_nodeINS_12__value_typeINS_12basic_stringIcNS_11char_traitsIcEENS1_IcEEEEP5ValueEEPvEEEEEclEPSD_
FNDA:1946,_ZNKSt3__115__tree_iteratorINS_12__value_typeINS_12basic_stringIcNS_11char_traitsIcEENS_9allocatorIcEEEEP5ValueEEPNS_11__tree_nodeISA_PvEElEdeEv
FNDA:1676,_ZNKSt3__115__tree_iteratorINS_12__value_typeINS_12basic_stringIcNS_11char_traitsIcEENS_9allocatorIcEEEEP5ValueEEPNS_11__tree_nodeISA_PvEElEptEv
FNDA:6218,_ZNSt3__1eqERKNS_15__tree_iteratorINS_12__value_typeINS_12basic_stringIcNS_11char_traitsIcEENS_9allocatorIcEEEEP5ValueEEPNS_11__tree_nodeISA_PvEElEESH_
FNDA:6218,_ZNSt3__1neERKNS_15__tree_iteratorINS_12__value_typeINS_12basic_stringIcNS_11char_traitsIcEENS_9allocatorIcEEEEP5ValueEEPNS_11__tree_nodeISA_PvEElEESH_
FNDA:0,_ZNSt3__115__tree_iteratorINS_12__value_typeINS_12basic_stringIcNS_11char_traitsIcEENS_9allocatorIcEEEEP5ValueEEPNS_11__tree_nodeISA_PvEElEC1ESE_
FNDA:0,_ZNSt3__115__tree_iteratorINS_12__value_typeINS_12basic_stringIcNS_11char_traitsIcEENS_9allocatorIcEEEEP5ValueEEPNS_11__tree_nodeISA_PvEElEC2ESE_
FNDA:10760,_ZNSt3__115__tree_iteratorINS_12__value_typeINS_12basic_stringIcNS_11char_traitsIcEENS_9allocatorIcEEEEP5ValueEEPNS_11__tree_nodeISA_PvEElEC1EPNS_15__tree_end_nodeIPNS_16__tree_node_baseISC_EEEE
FNDA:10760,_ZNSt3__115__tree_iteratorINS_12__value_typeINS_12basic_stringIcNS_11char_traitsIcEENS_9allocatorIcEEEEP5ValueEEPNS_11__tree_nodeISA_PvEElEC2EPNS_15__tree_end_nodeIPNS_16__tree_node_baseISC_EEEE
FNDA:3622,_ZNKSt3__115__tree_iteratorINS_12__value_typeINS_12basic_stringIcNS_11char_traitsIcEENS_9allocatorIcEEEEP5ValueEEPNS_11__tree_nodeISA_PvEElE8__get_npEv
FNDA:10760,_ZNSt3__16__treeINS_12__value_typeINS_12basic_stringIcNS_11char_traitsIcEENS_9allocatorIcEEEEP5ValueEENS_19__map_value_compareIS7_SA_NS_4lessIS7_EELb1EEENS5_ISA_EEE10__end_nodeEv
FNDA:3109,_ZNKSt3__16__treeINS_12__value_typeINS_12basic_stringIcNS_11char_traitsIcEENS_9allocatorIcEEEEP5ValueEENS_19__map_value_compareIS7_SA_NS_4lessIS7_EELb1EEENS5_ISA_EEE10__end_nodeEv
FNDA:0,_ZNSt3__16__treeINS_12__value_typeINS_12basic_stringIcNS_11char_traitsIcEENS_9allocatorIcEEEEP5ValueEENS_19__map_value_compareIS7_SA_NS_4lessIS7_EELb1EEENS5_ISA_EEE12__node_allocEv
FNDA:0,_ZNSt3__16__treeINS_12__value_typeINS_12basic_stringIcNS_11char_traitsIcEENS_9allocatorIcEEEEP5ValueEENS_19__map_value_compareIS7_SA_NS_4lessIS7_EELb1EEENS5_ISA_EEE12__begin_nodeEv
FNDA:0,_ZNSt3__16__treeINS_12__value_typeINS_12basic_stringIcNS_11char_traitsIcEENS_9allocatorIcEEEEP5ValueEENS_19__map_value_compareIS7_SA_NS_4lessIS7_EELb1EEENS5_ISA_EEE4sizeEv
FNDA:6501,_ZNSt3__16__treeINS_12__value_typeINS_12basic_stringIcNS_11char_traitsIcEENS_9allocatorIcEEEEP5ValueEENS_19__map_value_compareIS7_SA_NS_4lessIS7_EELb1EEENS5_ISA_EEE10value_compEv
FNDA:3109,_ZNKSt3__16__treeINS_12__value_typeINS_12basic_stringIcNS_11char_traitsIcEENS_9allocatorIcEEEEP5ValueEENS_19__map_value_compareIS7_SA_NS_4lessIS7_EELb1EEENS5_ISA_EEE6__rootEv
FNDA:0,_ZNKSt3__16__treeINS_12__value_typeINS_12basic_stringIcNS_11char_traitsIcEENS_9allocatorIcEEEEP5ValueEENS_19__map_value_compareIS7_SA_NS_4lessIS7_EELb1EEENS5_ISA_EEE10__root_ptrEv
FNDA:7651,_ZNSt3__16__treeINS_12__value_typeINS_12basic_stringIcNS_11char_traitsIcEENS_9allocatorIcEEEEP5ValueEENS_19__map_value_compareIS7_SA_NS_4lessIS7_EELb1EEENS5_ISA_EEE3endEv
FNDA:0,_ZNSt3__16__treeINS_12__value_typeINS_12basic_stringIcNS_11char_traitsIcEENS_9allocatorIcEEEEP5ValueEENS_19__map_value_compareIS7_SA_NS_4lessIS7_EELb1EEENS5_ISA_EEE15__insert_uniqueEONS_4pairIKS7_S9_EE
FNDA:0,_ZNSt3__16__treeINS_12__value_typeINS_12basic_stringIcNS_11char_traitsIcEENS_9allocatorIcEEEEP5ValueEENS_19__map_value_compareIS7_SA_NS_4lessIS7_EELb1EEENS5_ISA_EEEC1ERKSE_
FNDA:0,_ZNSt3__16__treeINS_12__value_typeINS_12basic_stringIcNS_11char_traitsIcEENS_9allocatorIcEEEEP5ValueEENS_19__map_value_compareIS7_SA_NS_4lessIS7_EELb1EEENS5_ISA_EEEC2ERKSE_
FNDA:0,_ZNSt3__16__treeINS_12__value_typeINS_12basic_stringIcNS_11char_traitsIcEENS_9allocatorIcEEEEP5ValueEENS_19__map_value_compareIS7_SA_NS_4lessIS7_EELb1EEENS5_ISA_EEEC1EOSG_
FNDA:0,_ZNSt3__16__treeINS_12__value_typeINS_12basic_stringIcNS_11char_traitsIcEENS_9allocatorIcEEEEP5ValueEENS_19__map_value_compareIS7_SA_NS_4lessIS7_EELb1EEENS5_ISA_EEEC2EOSG_
FNDA:0,_ZNSt3__16__treeINS_12__value_typeINS_12basic_stringIcNS_11char_traitsIcEENS_9allocatorIcEEEEP5ValueEENS_19__map_value_compareIS7_SA_NS_4lessIS7_EELb1EEENS5_ISA_EEED1Ev
FNDA:0,_ZNSt3__16__treeINS_12__value_typeINS_12basic_stringIcNS_11char_traitsIcEENS_9allocatorIcEEEEP5ValueEENS_19__map_value_compareIS7_SA_NS_4lessIS7_EELb1EEENS5_ISA_EEED2Ev
FNDA:0,_ZNSt3__16__treeINS_12__value_typeINS_12basic_stringIcNS_11char_traitsIcEENS_9allocatorIcEEEEP5ValueEENS_19__map_value_compareIS7_SA_NS_4lessIS7_EELb1EEENS5_ISA_EEE7destroyEPNS_11__tree_nodeISA_PvEE
FNDA:0,_ZNSt3__16__treeINS_12__value_typeINS_12basic_stringIcNS_11char_traitsIcEENS_9allocatorIcEEEEP5ValueEENS_19__map_value_compareIS7_SA_NS_4lessIS7_EELb1EEENS5_ISA_EEE12__find_equalIS7_EERPNS_16__tree_node_baseIPvEERPNS_15__tree_end_nodeISL_EERKT_
FNDA:0,_ZNSt3__16__treeINS_12__value_typeINS_12basic_stringIcNS_11char_traitsIcEENS_9allocatorIcEEEEP5ValueEENS_19__map_value_compareIS7_SA_NS_4lessIS7_EELb1EEENS5_ISA_EEE16__insert_node_atEPNS_15__tree_end_nodeIPNS_16__tree_node_baseIPvEEEERSL_SL_
FNDA:0,_ZNSt3__16__treeINS_12__value_typeINS_12basic_stringIcNS_11char_traitsIcEENS_9allocatorIcEEEEP5ValueEENS_19__map_value_compareIS7_SA_NS_4lessIS7_EELb1EEENS5_ISA_EEE25__emplace_unique_key_argsIS7_JNS_4pairIKS7_S9_EEEEENSI_INS_15__tree_iteratorISA_PNS_11__tree_nodeISA_PvEElEEbEERKT_DpOT0_
FNDA:0,_ZNSt3__16__treeINS_12__value_typeINS_12basic_stringIcNS_11char_traitsIcEENS_9allocatorIcEEEEP5ValueEENS_19__map_value_compareIS7_SA_NS_4lessIS7_EELb1EEENS5_ISA_EEE16__construct_nodeIJNS_4pairIKS7_S9_EEEEENS_10unique_ptrINS_11__tree_nodeISA_PvEENS_22__tree_node_destructorINS5_ISO_EEEEEEDpOT_
FNDA:3109,_ZNSt3__16__treeINS_12__value_typeINS_12basic_stringIcNS_11char_traitsIcEENS_9allocatorIcEEEEP5ValueEENS_19__map_value_compareIS7_SA_NS_4lessIS7_EELb1EEENS5_ISA_EEE4findIS7_EENS_15__tree_iteratorISA_PNS_11__tree_nodeISA_PvEElEERKT_
FNDA:3109,_ZNSt3__16__treeINS_12__value_typeINS_12basic_stringIcNS_11char_traitsIcEENS_9allocatorIcEEEEP5ValueEENS_19__map_value_compareIS7_SA_NS_4lessIS7_EELb1EEENS5_ISA_EEE13__lower_boundIS7_EENS_15__tree_iteratorISA_PNS_11__tree_nodeISA_PvEElEERKT_SM_PNS_15__tree_end_nodeIPNS_16__tree_node_baseISK_EEEE
FNF:45
FNH:14
DA:79,0
DA:81,0
DA:233,0
DA:235,0
DA:236,0
DA:237,0
DA:238,0
DA:239,0
DA:240,0
DA:241,0
DA:243,0
DA:244,0
DA:245,0
DA:246,0
DA:253,0
DA:255,0
DA:256,0
DA:257,0
DA:258,0
DA:259,0
DA:260,0
DA:261,0
DA:263,0
DA:264,0
DA:265,0
DA:266,0
DA:278,0
DA:280,0
DA:281,0
DA:284,0
DA:286,0
DA:287,0
DA:289,0
DA:290,0
DA:291,0
DA:292,0
DA:293,0
DA:294,0
DA:297,0
DA:299,0
DA:300,0
DA:301,0
DA:302,0
DA:303,0
DA:304,0
DA:305,0
DA:306,0
DA:307,0
DA:309,0
DA:312,0
DA:313,0
DA:315,0
DA:316,0
DA:317,0
DA:318,0
DA:319,0
DA:320,0
DA:323,0
DA:325,0
DA:326,0
DA:327,0
DA:328,0
DA:329,0
DA:330,0
DA:331,0
DA:332,0
DA:333,0
DA:337,0
DA:596,0
DA:597,0
DA:615,0
DA:616,0
DA:719,0
DA:737,0
DA:740,0
DA:741,0
DA:742,0
DA:787,0
DA:788,0
DA:789,0
DA:790,0
DA:793,0
DA:795,0
DA:796,0
DA:797,0
DA:798,0
DA:799,0
DA:840,1946
DA:841,1946
DA:842,1676
DA:843,1676
DA:866,6218
DA:867,6218
DA:869,6218
DA:870,6218
DA:874,0
DA:876,21520
DA:878,3622
DA:1041,10760
DA:1043,10760
DA:1044,10760
DA:1048,3109
DA:1050,3109
DA:1051,3109
DA:1052,3109
DA:1057,0
DA:1063,0
DA:1072,0
DA:1077,6501
DA:1084,3109
DA:1085,3109
DA:1087,0
DA:1088,0
DA:1094,0
DA:1126,7651
DA:1284,0
DA:1285,0
DA:1568,0
DA:1572,0
DA:1573,0
DA:1574,0
DA:1575,0
DA:1712,0
DA:1716,0
DA:1717,0
DA:1718,0
DA:1719,0
DA:1720,0
DA:1721,0
DA:1724,0
DA:1725,0
DA:1726,0
DA:1727,0
DA:1729,0
DA:1820,0
DA:1821,0
DA:1824,0
DA:1825,0
DA:1829,0
DA:1831,0
DA:1833,0
DA:1834,0
DA:1835,0
DA:1836,0
DA:1837,0
DA:1838,0
DA:1839,0
DA:2001,0
DA:2004,0
DA:2005,0
DA:2006,0
DA:2008,0
DA:2010,0
DA:2012,0
DA:2013,0
DA:2014,0
DA:2015,0
DA:2016,0
DA:2017,0
DA:2019,0
DA:2020,0
DA:2022,0
DA:2023,0
DA:2024,0
DA:2025,0
DA:2026,0
DA:2027,0
DA:2029,0
DA:2032,0
DA:2033,0
DA:2037,0
DA:2038,0
DA:2039,0
DA:2105,0
DA:2109,0
DA:2110,0
DA:2111,0
DA:2113,0
DA:2114,0
DA:2115,0
DA:2116,0
DA:2117,0
DA:2118,0
DA:2124,0
DA:2133,0
DA:2134,0
DA:2135,0
DA:2136,0
DA:2139,0
DA:2143,0
DA:2144,0
DA:2145,0
DA:2146,0
DA:2147,0
DA:2188,0
DA:2192,0
DA:2193,0
DA:2194,0
DA:2195,0
DA:2196,0
DA:2197,0
DA:2564,3109
DA:2566,3109
DA:2567,3109
DA:2568,1676
DA:2569,1433
DA:2570,3109
DA:2631,3109
DA:2635,7664
DA:2637,4555
DA:2639,2884
DA:2640,2884
DA:2641,2884
DA:2643,1671
DA:2645,3109
LF:215
LH:35
end_of_record
SF:/Applications/Xcode.app/Contents/Developer/Toolchains/XcodeDefault.xctoolchain/usr/include/c++/v1/algorithm
FN:715,_ZNKSt3__16__lessImmEclERKmS3_
FN:715,_ZNKSt3__16__lessIPcS1_EclERKS1_S4_
FN:1636,_ZNSt3__1L13__unwrap_iterIPPiEET_S3_
FN:1636,_ZNSt3__1L13__unwrap_iterIPPP5ValueEET_S5_
FN:1880,_ZNSt3__1L6__moveIPP5ValueS3_EENS_9enable_ifIXaasr7is_sameINS_12remove_constIT_E4typeET0_EE5valuesr28is_trivially_copy_assignableIS9_EE5valueEPS9_E4typeEPS6_SD_SA_
FN:1880,_ZNSt3__1L6__moveIPiS1_EENS_9enable_ifIXaasr7is_sameINS_12remove_constIT_E4typeET0_EE5valuesr28is_trivially_copy_assignableIS7_EE5valueEPS7_E4typeEPS4_SB_S8_
FN:1891,_ZNSt3__1L4moveIPPiS2_EET0_T_S4_S3_
FN:1891,_ZNSt3__1L4moveIPPP5ValueS4_EET0_T_S6_S5_
FN:1916,_ZNSt3__1L15__move_backwardIPP5ValueS3_EENS_9enable_ifIXaasr7is_sameINS_12remove_constIT_E4typeET0_EE5valuesr28is_trivially_copy_assignableIS9_EE5valueEPS9_E4typeEPS6_SD_SA_
FN:1916,_ZNSt3__1L15__move_backwardIPiS1_EENS_9enable_ifIXaasr7is_sameINS_12remove_constIT_E4typeET0_EE5valuesr28is_trivially_copy_assignableIS7_EE5valueEPS7_E4typeEPS4_SB_S8_
FN:1930,_ZNSt3__1L13move_backwardIPPiS2_EET0_T_S4_S3_
FN:1930,_ZNSt3__1L13move_backwardIPPP5ValueS4_EET0_T_S6_S5_
FN:2551,_ZNSt3__1L3minImNS_6__lessImmEEEERKT_S5_S5_T0_
FN:2560,_ZNSt3__1L3minImEERKT_S3_S3_
FN:2624,_ZNSt3__1L3maxIPcNS_6__lessIS1_S1_EEEERKT_S6_S6_T0_
FN:2624,_ZNSt3__1L3maxImNS_6__lessImmEEEERKT_S5_S5_T0_
FN:2633,_ZNSt3__1L3maxImEERKT_S3_S3_
FN:2633,_ZNSt3__1L3maxIPcEERKT_S4_S4_
FNDA:5867,_ZNKSt3__16__lessImmEclERKmS3_
FNDA:314,_ZNKSt3__16__lessIPcS1_EclERKS1_S4_
FNDA:0,_ZNSt3__1L13__unwrap_iterIPPP5ValueEET_S5_
FNDA:0,_ZNSt3__1L13__unwrap_iterIPPiEET_S3_
FNDA:0,_ZNSt3__1L6__moveIPP5ValueS3_EENS_9enable_ifIXaasr7is_sameINS_12remove_constIT_E4typeET0_EE5valuesr28is_trivially_copy_assignableIS9_EE5valueEPS9_E4typeEPS6_SD_SA_
FNDA:0,_ZNSt3__1L6__moveIPiS1_EENS_9enable_ifIXaasr7is_sameINS_12remove_constIT_E4typeET0_EE5valuesr28is_trivially_copy_assignableIS7_EE5valueEPS7_E4typeEPS4_SB_S8_
FNDA:0,_ZNSt3__1L4moveIPPP5ValueS4_EET0_T_S6_S5_
FNDA:0,_ZNSt3__1L4moveIPPiS2_EET0_T_S4_S3_
FNDA:0,_ZNSt3__1L15__move_backwardIPP5ValueS3_EENS_9enable_ifIXaasr7is_sameINS_12remove_constIT_E4typeET0_EE5valuesr28is_trivially_copy_assignableIS9_EE5valueEPS9_E4typeEPS6_SD_SA_
FNDA:0,_ZNSt3__1L15__move_backwardIPiS1_EENS_9enable_ifIXaasr7is_sameINS_12remove_constIT_E4typeET0_EE5valuesr28is_trivially_copy_assignableIS7_EE5valueEPS7_E4typeEPS4_SB_S8_
FNDA:0,_ZNSt3__1L13move_backwardIPPP5ValueS4_EET0_T_S6_S5_
FNDA:0,_ZNSt3__1L13move_backwardIPPiS2_EET0_T_S4_S3_
FNDA:5524,_ZNSt3__1L3minImNS_6__lessImmEEEERKT_S5_S5_T0_
FNDA:5524,_ZNSt3__1L3minImEERKT_S3_S3_
FNDA:343,_ZNSt3__1L3maxImNS_6__lessImmEEEERKT_S5_S5_T0_
FNDA:314,_ZNSt3__1L3maxIPcNS_6__lessIS1_S1_EEEERKT_S6_S6_T0_
FNDA:343,_ZNSt3__1L3maxImEERKT_S3_S3_
FNDA:314,_ZNSt3__1L3maxIPcEERKT_S4_S4_
FNF:18
FNH:8
DA:715,6181
DA:1636,0
DA:1638,0
DA:1880,0
DA:1882,0
DA:1883,0
DA:1884,0
DA:1885,0
DA:1891,0
DA:1893,0
DA:1916,0
DA:1918,0
DA:1919,0
DA:1921,0
DA:1922,0
DA:1923,0
DA:1924,0
DA:1930,0
DA:1933,0
DA:2551,5524
DA:2553,5524
DA:2560,5524
DA:2562,5524
DA:2624,657
DA:2626,657
DA:2633,657
DA:2635,657
LF:27
LH:9
end_of_record
SF:/Users/guch8017/Documents/Compile2020/2020fall-compiler_cminus/src/cminusfc/cminusf_builder.cpp
FN:30,__cxx_global_var_init
FN:37,__cxx_global_var_init.1
FN:38,__cxx_global_var_init.2
FN:43,__cxx_global_var_init.3
FN:44,__cxx_global_var_init.4
FN:45,__cxx_global_var_init.5
FN:46,__cxx_global_var_init.7
FN:48,_Z11GetDeclType10CminusTypeP6Module
FN:67,_Z15GetNewBlockNamev
FN:74,_Z11Val2CM_TYPEP4Type
FN:102,_Z18CminusType2CM_TYPE10CminusType
FN:116,_Z23LoadFromPointerIfNeededP9IRBuilder
FN:127,_ZN14CminusfBuilder5visitER10ASTProgram
FN:134,_ZN14CminusfBuilder5visitER6ASTNum
FN:149,_ZN14CminusfBuilder5visitER17ASTVarDeclaration
FN:187,_ZN14CminusfBuilder5visitER17ASTFunDeclaration
FN:242,_ZN14CminusfBuilder5visitER8ASTParam
FN:258,_ZN14CminusfBuilder5visitER15ASTCompoundStmt
FN:269,_ZN14CminusfBuilder5visitER17ASTExpressionStmt
FN:276,_ZN14CminusfBuilder5visitER16ASTSelectionStmt
FN:335,_ZN14CminusfBuilder5visitER16ASTIterationStmt
FN:384,_ZN14CminusfBuilder5visitER13ASTReturnStmt
FN:418,_ZN14CminusfBuilder5visitER6ASTVar
FN:494,_ZN14CminusfBuilder5visitER19ASTAssignExpression
FN:544,_ZN14CminusfBuilder5visitER19ASTSimpleExpression
FN:673,_ZN14CminusfBuilder5visitER21ASTAdditiveExpression
FN:759,_ZN14CminusfBuilder5visitER7ASTTerm
FN:862,_ZN14CminusfBuilder5visitER7ASTCall
FNDA:6,__cxx_global_var_init
FNDA:6,__cxx_global_var_init.1
FNDA:6,__cxx_global_var_init.2
FNDA:6,__cxx_global_var_init.3
FNDA:6,__cxx_global_var_init.4
FNDA:6,__cxx_global_var_init.5
FNDA:6,__cxx_global_var_init.7
FNDA:261,_Z11GetDeclType10CminusTypeP6Module
FNDA:430,_Z15GetNewBlockNamev
FNDA:1582,_Z11Val2CM_TYPEP4Type
FNDA:978,_Z18CminusType2CM_TYPE10CminusType
FNDA:2295,_Z23LoadFromPointerIfNeededP9IRBuilder
FNDA:41,_ZN14CminusfBuilder5visitER10ASTProgram
FNDA:978,_ZN14CminusfBuilder5visitER6ASTNum
FNDA:146,_ZN14CminusfBuilder5visitER17ASTVarDeclaration
FNDA:115,_ZN14CminusfBuilder5visitER17ASTFunDeclaration
FNDA:96,_ZN14CminusfBuilder5visitER8ASTParam
FNDA:206,_ZN14CminusfBuilder5visitER15ASTCompoundStmt
FNDA:761,_ZN14CminusfBuilder5visitER17ASTExpressionStmt
FNDA:51,_ZN14CminusfBuilder5visitER16ASTSelectionStmt
FNDA:49,_ZN14CminusfBuilder5visitER16ASTIterationStmt
FNDA:55,_ZN14CminusfBuilder5visitER13ASTReturnStmt
FNDA:1323,_ZN14CminusfBuilder5visitER6ASTVar
FNDA:544,_ZN14CminusfBuilder5visitER19ASTAssignExpression
FNDA:1574,_ZN14CminusfBuilder5visitER19ASTSimpleExpression
FNDA:2030,_ZN14CminusfBuilder5visitER21ASTAdditiveExpression
FNDA:2142,_ZN14CminusfBuilder5visitER7ASTTerm
FNDA:259,_ZN14CminusfBuilder5visitER7ASTCall
FNF:28
FNH:28
DA:30,6
DA:37,6
DA:38,6
DA:43,6
DA:44,6
DA:45,6
DA:46,6
DA:48,261
DA:54,261
DA:57,153
DA:59,43
DA:61,65
DA:63,0
DA:65,261
DA:67,430
DA:71,430
DA:74,1582
DA:75,1582
DA:77,1582
DA:78,259
DA:79,259
DA:81,1323
DA:83,1582
DA:85,96
DA:86,96
DA:87,96
DA:88,1582
DA:89,128
DA:90,128
DA:91,128
DA:92,1582
DA:93,1057
DA:94,1582
DA:95,308
DA:96,525
DA:97,217
DA:98,217
DA:99,1582
DA:102,978
DA:103,978
DA:106,846
DA:108,132
DA:110,0
DA:112,0
DA:114,978
DA:116,2295
DA:117,2295
DA:118,3915
DA:119,2271
DA:120,1620
DA:122,743
DA:123,743
DA:124,743
DA:125,2295
DA:127,41
DA:128,168
DA:130,127
DA:131,127
DA:132,41
DA:134,978
DA:135,978
DA:138,846
DA:139,846
DA:141,132
DA:142,132
DA:144,0
DA:146,978
DA:147,978
DA:149,146
DA:150,146
DA:151,146
DA:152,146
DA:153,146
DA:154,0
DA:156,146
DA:158,36
DA:160,36
DA:161,36
DA:162,36
DA:164,36
DA:165,0
DA:168,36
DA:169,36
DA:170,36
DA:172,110
DA:174,146
DA:176,12
DA:177,12
DA:178,12
DA:180,134
DA:182,146
DA:183,0
DA:185,146
DA:187,115
DA:188,115
DA:189,115
DA:190,211
DA:191,96
DA:192,96
DA:193,115
DA:194,115
DA:195,115
DA:196,115
DA:197,115
DA:198,115
DA:199,115
DA:200,211
DA:201,96
DA:202,0
DA:204,96
DA:205,96
DA:206,24
DA:207,6
DA:208,24
DA:209,18
DA:210,18
DA:211,24
DA:213,72
DA:214,54
DA:215,72
DA:216,18
DA:217,18
DA:219,96
DA:220,96
DA:221,0
DA:222,96
DA:224,115
DA:225,115
DA:228,65
DA:229,65
DA:231,28
DA:232,28
DA:234,22
DA:235,22
DA:237,0
DA:239,115
DA:240,115
DA:242,96
DA:243,96
DA:244,60
DA:245,6
DA:247,54
DA:248,96
DA:249,36
DA:250,18
DA:252,18
DA:253,36
DA:254,0
DA:256,96
DA:258,206
DA:259,206
DA:260,340
DA:261,134
DA:262,134
DA:263,1128
DA:264,922
DA:265,922
DA:266,206
DA:267,206
DA:269,761
DA:270,761
DA:272,761
DA:273,761
DA:274,761
DA:276,51
DA:277,51
DA:279,51
DA:280,51
DA:281,51
DA:282,51
DA:283,51
DA:285,51
DA:286,0
DA:289,51
DA:291,31
DA:292,23
DA:293,31
DA:294,8
DA:295,8
DA:296,31
DA:297,16
DA:298,16
DA:299,15
DA:300,2
DA:301,2
DA:303,31
DA:305,20
DA:307,8
DA:308,5
DA:310,3
DA:311,8
DA:313,20
DA:314,20
DA:317,20
DA:318,8
DA:319,8
DA:320,20
DA:321,20
DA:322,8
DA:323,8
DA:324,8
DA:325,8
DA:326,8
DA:327,12
DA:329,20
DA:330,20
DA:331,20
DA:332,20
DA:333,51
DA:335,49
DA:336,49
DA:337,49
DA:338,49
DA:339,49
DA:340,49
DA:341,49
DA:342,49
DA:343,49
DA:344,49
DA:345,49
DA:346,0
DA:349,49
DA:351,20
DA:352,10
DA:353,20
DA:354,10
DA:355,10
DA:356,20
DA:359,10
DA:360,10
DA:362,10
DA:363,10
DA:366,20
DA:368,29
DA:369,29
DA:370,29
DA:371,11
DA:372,4
DA:374,7
DA:376,11
DA:377,29
DA:378,29
DA:379,29
DA:380,29
DA:381,29
DA:382,49
DA:384,55
DA:385,55
DA:386,0
DA:387,55
DA:388,0
DA:390,55
DA:391,50
DA:392,50
DA:393,50
DA:394,50
DA:395,50
DA:396,0
DA:398,50
DA:399,12
DA:400,12
DA:401,12
DA:402,50
DA:403,6
DA:404,50
DA:405,16
DA:406,16
DA:407,50
DA:408,50
DA:409,50
DA:410,50
DA:411,50
DA:412,5
DA:413,5
DA:416,55
DA:418,1323
DA:419,1323
DA:420,1323
DA:421,0
DA:423,1323
DA:424,0
DA:426,1323
DA:427,1323
DA:428,0
DA:430,1323
DA:431,188
DA:432,188
DA:433,188
DA:434,188
DA:435,188
DA:436,188
DA:439,188
DA:440,0
DA:442,188
DA:446,108
DA:447,104
DA:448,104
DA:449,4
DA:451,108
DA:452,14
DA:453,14
DA:455,14
DA:456,6
DA:457,14
DA:458,4
DA:459,4
DA:460,4
DA:462,14
DA:463,14
DA:464,108
DA:466,80
DA:467,80
DA:468,80
DA:469,4
DA:470,4
DA:471,80
DA:472,80
DA:473,80
DA:474,80
DA:476,80
DA:477,80
DA:479,188
DA:480,72
DA:481,72
DA:482,72
DA:483,116
DA:485,188
DA:486,188
DA:488,1135
DA:489,1135
DA:492,1323
DA:494,544
DA:495,544
DA:496,544
DA:497,544
DA:498,544
DA:499,544
DA:500,544
DA:501,544
DA:502,544
DA:503,544
DA:504,544
DA:505,544
DA:506,544
DA:507,0
DA:510,544
DA:511,228
DA:512,54
DA:513,54
DA:514,54
DA:515,54
DA:516,228
DA:517,18
DA:518,18
DA:519,18
DA:520,18
DA:521,18
DA:522,228
DA:524,316
DA:526,212
DA:527,88
DA:528,88
DA:529,88
DA:530,212
DA:531,36
DA:532,36
DA:533,212
DA:534,88
DA:535,88
DA:536,88
DA:538,212
DA:539,544
DA:540,544
DA:541,544
DA:542,544
DA:544,1574
DA:545,1574
DA:546,1574
DA:547,1296
DA:549,278
DA:550,278
DA:551,278
DA:552,278
DA:553,278
DA:554,278
DA:555,278
DA:556,278
DA:557,278
DA:558,278
DA:559,0
DA:561,278
DA:562,278
DA:563,278
DA:565,54
DA:566,50
DA:567,50
DA:568,4
DA:570,54
DA:571,50
DA:572,50
DA:573,4
DA:575,54
DA:578,4
DA:579,4
DA:581,4
DA:582,4
DA:584,4
DA:585,4
DA:587,4
DA:588,4
DA:590,34
DA:591,34
DA:593,4
DA:594,4
DA:596,0
DA:598,54
DA:599,54
DA:602,224
DA:603,180
DA:604,16
DA:605,16
DA:606,180
DA:607,10
DA:608,10
DA:609,180
DA:612,4
DA:613,4
DA:615,22
DA:616,22
DA:618,10
DA:619,10
DA:621,4
DA:622,4
DA:624,136
DA:625,136
DA:627,4
DA:628,4
DA:630,0
DA:632,180
DA:633,44
DA:634,17
DA:635,9
DA:636,9
DA:637,17
DA:638,17
DA:639,44
DA:640,21
DA:641,3
DA:642,3
DA:643,21
DA:644,21
DA:645,44
DA:648,2
DA:649,2
DA:651,10
DA:652,10
DA:654,2
DA:655,2
DA:657,2
DA:658,2
DA:660,26
DA:661,26
DA:663,2
DA:664,2
DA:666,0
DA:669,224
DA:671,1574
DA:673,2030
DA:674,2030
DA:675,2030
DA:676,1852
DA:678,178
DA:679,178
DA:680,178
DA:681,178
DA:682,178
DA:683,178
DA:684,178
DA:685,178
DA:686,178
DA:687,178
DA:688,178
DA:689,178
DA:690,0
DA:693,178
DA:694,54
DA:695,42
DA:696,42
DA:697,42
DA:698,14
DA:699,14
DA:700,28
DA:702,42
DA:703,42
DA:705,12
DA:706,1
DA:707,1
DA:708,11
DA:710,12
DA:711,5
DA:712,5
DA:713,7
DA:715,12
DA:716,5
DA:717,5
DA:718,7
DA:720,12
DA:722,54
DA:726,124
DA:727,8
DA:728,8
DA:729,8
DA:730,124
DA:731,22
DA:732,22
DA:733,22
DA:734,124
DA:735,38
DA:736,38
DA:737,8
DA:738,8
DA:739,38
DA:740,30
DA:741,30
DA:742,38
DA:743,26
DA:744,26
DA:745,12
DA:747,38
DA:748,86
DA:749,86
DA:750,54
DA:751,54
DA:752,32
DA:755,124
DA:757,2030
DA:759,2142
DA:760,2142
DA:761,2142
DA:762,2030
DA:764,112
DA:765,112
DA:766,112
DA:767,112
DA:768,112
DA:769,112
DA:770,112
DA:771,112
DA:772,112
DA:773,112
DA:774,112
DA:775,112
DA:776,0
DA:779,112
DA:780,74
DA:781,32
DA:782,32
DA:784,32
DA:785,8
DA:786,8
DA:787,8
DA:788,24
DA:789,12
DA:790,12
DA:791,12
DA:792,12
DA:793,12
DA:794,12
DA:797,32
DA:799,42
DA:800,24
DA:801,24
DA:802,18
DA:804,42
DA:805,18
DA:806,18
DA:807,24
DA:809,42
DA:810,18
DA:811,18
DA:812,18
DA:813,24
DA:814,12
DA:815,12
DA:816,12
DA:817,12
DA:818,12
DA:819,12
DA:824,74
DA:829,38
DA:830,10
DA:831,10
DA:832,10
DA:833,38
DA:834,4
DA:835,4
DA:836,4
DA:837,38
DA:838,16
DA:839,16
DA:840,8
DA:841,8
DA:842,16
DA:843,8
DA:844,8
DA:845,16
DA:846,8
DA:847,8
DA:848,8
DA:850,16
DA:851,22
DA:852,22
DA:853,14
DA:854,14
DA:855,8
DA:858,38
DA:860,2142
DA:862,259
DA:863,259
DA:864,259
DA:865,0
DA:867,259
DA:868,259
DA:869,0
DA:871,259
DA:872,259
DA:873,259
DA:874,0
DA:876,259
DA:877,572
DA:878,313
DA:879,313
DA:880,313
DA:881,313
DA:882,313
DA:883,36
DA:884,0
DA:886,36
DA:887,24
DA:888,24
DA:889,24
DA:890,12
DA:891,12
DA:893,36
DA:895,277
DA:896,277
DA:897,277
DA:898,12
DA:899,12
DA:900,12
DA:901,277
DA:902,18
DA:903,277
DA:904,12
DA:905,12
DA:907,313
DA:908,313
DA:909,313
DA:910,313
DA:911,259
DA:912,259
DA:913,259
DA:914,259
LF:663
LH:632
end_of_record
SF:/Users/guch8017/Documents/Compile2020/2020fall-compiler_cminus/include/cminusf_builder.hpp
FN:17,_ZN5Scope5enterEv
FN:22,_ZN5Scope4exitEv
FN:26,_ZN5Scope9in_globalEv
FN:33,_ZN5Scope4pushENSt3__112basic_stringIcNS0_11char_traitsIcEENS0_9allocatorIcEEEEP5Value
FN:38,_ZN5Scope4findENSt3__112basic_stringIcNS0_11char_traitsIcEENS0_9allocatorIcEEEE
FNDA:0,_ZN5Scope5enterEv
FNDA:321,_ZN5Scope4exitEv
FNDA:146,_ZN5Scope9in_globalEv
FNDA:0,_ZN5Scope4pushENSt3__112basic_stringIcNS0_11char_traitsIcEENS0_9allocatorIcEEEEP5Value
FNDA:1676,_ZN5Scope4findENSt3__112basic_stringIcNS0_11char_traitsIcEENS0_9allocatorIcEEEE
FNF:5
FNH:3
DA:17,0
DA:18,0
DA:19,0
DA:22,321
DA:23,321
DA:24,321
DA:26,146
DA:27,146
DA:33,0
DA:34,0
DA:35,0
DA:36,0
DA:38,1676
DA:39,3109
DA:40,3109
DA:41,3109
DA:42,1676
DA:44,1433
DA:46,0
DA:47,1676
LF:20
LH:12
end_of_record
SF:/Applications/Xcode.app/Contents/Developer/Toolchains/XcodeDefault.xctoolchain/usr/include/c++/v1/deque
FN:318,_ZNKSt3__116__deque_iteratorIP5ValuePS2_RS2_PS3_lLl512EEdeEv
FN:318,_ZNKSt3__116__deque_iteratorIiPiRiPS1_lLl1024EEdeEv
FN:321,_ZNSt3__116__deque_iteratorIiPiRiPS1_lLl1024EEppEv
FN:321,_ZNSt3__116__deque_iteratorIP5ValuePS2_RS2_PS3_lLl512EEppEv
FN:413,_ZNSt3__1eqERKNS_16__deque_iteratorIiPiRiPS1_lLl1024EEES6_
FN:413,_ZNSt3__1eqERKNS_16__deque_iteratorIP5ValuePS2_RS2_PS3_lLl512EEES8_
FN:417,_ZNSt3__1neERKNS_16__deque_iteratorIiPiRiPS1_lLl1024EEES6_
FN:417,_ZNSt3__1neERKNS_16__deque_iteratorIP5ValuePS2_RS2_PS3_lLl512EEES8_
FN:438,_ZNSt3__116__deque_iteratorIiPiRiPS1_lLl1024EEC1ES3_S1_
FN:438,_ZNSt3__116__deque_iteratorIiPiRiPS1_lLl1024EEC2ES3_S1_
FN:438,_ZNSt3__116__deque_iteratorIP5ValuePS2_RS2_PS3_lLl512EEC1ES5_S3_
FN:438,_ZNSt3__116__deque_iteratorIP5ValuePS2_RS2_PS3_lLl512EEC2ES5_S3_
FN:1037,_ZNSt3__112__deque_baseIiNS_9allocatorIiEEE4sizeEv
FN:1037,_ZNSt3__112__deque_baseIP5ValueNS_9allocatorIS2_EEE4sizeEv
FN:1039,_ZNKSt3__112__deque_baseIP5ValueNS_9allocatorIS2_EEE4sizeEv
FN:1039,_ZNKSt3__112__deque_baseIiNS_9allocatorIiEEE4sizeEv
FN:1040,_ZNSt3__112__deque_baseIP5ValueNS_9allocatorIS2_EEE7__allocEv
FN:1040,_ZNSt3__112__deque_baseIiNS_9allocatorIiEEE7__allocEv
FN:1138,_ZNSt3__112__deque_baseIiNS_9allocatorIiEEE5beginEv
FN:1138,_ZNSt3__112__deque_baseIP5ValueNS_9allocatorIS2_EEE5beginEv
FN:1154,_ZNSt3__112__deque_baseIP5ValueNS_9allocatorIS2_EEE3endEv
FN:1154,_ZNSt3__112__deque_baseIiNS_9allocatorIiEEE3endEv
FN:1172,_ZNSt3__112__deque_baseIiNS_9allocatorIiEEEC2Ev
FN:1172,_ZNSt3__112__deque_baseIP5ValueNS_9allocatorIS2_EEEC2Ev
FN:1182,_ZNSt3__112__deque_baseIP5ValueNS_9allocatorIS2_EEED2Ev
FN:1182,_ZNSt3__112__deque_baseIiNS_9allocatorIiEEED2Ev
FN:1243,_ZNSt3__112__deque_baseIP5ValueNS_9allocatorIS2_EEE5clearEv
FN:1243,_ZNSt3__112__deque_baseIiNS_9allocatorIiEEE5clearEv
FN:1266,_ZNSt3__15dequeIiNS_9allocatorIiEEED1Ev
FN:1266,_ZNSt3__15dequeIiNS_9allocatorIiEEED2Ev
FN:1266,_ZNSt3__15dequeIP5ValueNS_9allocatorIS2_EEED2Ev
FN:1266,_ZNSt3__15dequeIP5ValueNS_9allocatorIS2_EEED1Ev
FN:1299,_ZNSt3__15dequeIP5ValueNS_9allocatorIS2_EEEC1Ev
FN:1299,_ZNSt3__15dequeIiNS_9allocatorIiEEEC2Ev
FN:1299,_ZNSt3__15dequeIP5ValueNS_9allocatorIS2_EEEC2Ev
FN:1299,_ZNSt3__15dequeIiNS_9allocatorIiEEEC1Ev
FN:1483,_ZNKSt3__15dequeIiNS_9allocatorIiEEE10__capacityEv
FN:1483,_ZNKSt3__15dequeIP5ValueNS_9allocatorIS2_EEE10__capacityEv
FN:1494,_ZNKSt3__15dequeIiNS_9allocatorIiEEE13__front_spareEv
FN:1494,_ZNKSt3__15dequeIP5ValueNS_9allocatorIS2_EEE13__front_spareEv
FN:1503,_ZNKSt3__15dequeIiNS_9allocatorIiEEE12__back_spareEv
FN:1503,_ZNKSt3__15dequeIP5ValueNS_9allocatorIS2_EEE12__back_spareEv
FN:1508,_ZNKSt3__15dequeIP5ValueNS_9allocatorIS2_EEE19__back_spare_blocksEv
FN:1508,_ZNKSt3__15dequeIiNS_9allocatorIiEEE19__back_spare_blocksEv
FN:1526,_ZNSt3__15dequeIP5ValueNS_9allocatorIS2_EEE25__maybe_remove_back_spareEb
FN:1526,_ZNSt3__15dequeIiNS_9allocatorIiEEE25__maybe_remove_back_spareEb
FN:1907,_ZNSt3__15dequeIP5ValueNS_9allocatorIS2_EEE4backEv
FN:1907,_ZNSt3__15dequeIiNS_9allocatorIiEEE4backEv
FN:1924,_ZNSt3__15dequeIiNS_9allocatorIiEEE9push_backERKi
FN:1924,_ZNSt3__15dequeIP5ValueNS_9allocatorIS2_EEE9push_backERKS2_
FN:1950,_ZNSt3__15dequeIP5ValueNS_9allocatorIS2_EEE9push_backEOS2_
FN:1950,_ZNSt3__15dequeIiNS_9allocatorIiEEE9push_backEOi
FN:2566,_ZNSt3__15dequeIP5ValueNS_9allocatorIS2_EEE19__add_back_capacityEv
FN:2566,_ZNSt3__15dequeIiNS_9allocatorIiEEE19__add_back_capacityEv
FN:2719,_ZNSt3__15dequeIP5ValueNS_9allocatorIS2_EEE8pop_backEv
FN:2719,_ZNSt3__15dequeIiNS_9allocatorIiEEE8pop_backEv
FNDA:4415,_ZNKSt3__116__deque_iteratorIP5ValuePS2_RS2_PS3_lLl512EEdeEv
FNDA:3672,_ZNKSt3__116__deque_iteratorIiPiRiPS1_lLl1024EEdeEv
FNDA:0,_ZNSt3__116__deque_iteratorIP5ValuePS2_RS2_PS3_lLl512EEppEv
FNDA:0,_ZNSt3__116__deque_iteratorIiPiRiPS1_lLl1024EEppEv
FNDA:6,_ZNSt3__1eqERKNS_16__deque_iteratorIP5ValuePS2_RS2_PS3_lLl512EEES8_
FNDA:6,_ZNSt3__1eqERKNS_16__deque_iteratorIiPiRiPS1_lLl1024EEES6_
FNDA:6,_ZNSt3__1neERKNS_16__deque_iteratorIP5ValuePS2_RS2_PS3_lLl512EEES8_
FNDA:6,_ZNSt3__1neERKNS_16__deque_iteratorIiPiRiPS1_lLl1024EEES6_
FNDA:4427,_ZNSt3__116__deque_iteratorIP5ValuePS2_RS2_PS3_lLl512EEC1ES5_S3_
FNDA:4427,_ZNSt3__116__deque_iteratorIP5ValuePS2_RS2_PS3_lLl512EEC2ES5_S3_
FNDA:3684,_ZNSt3__116__deque_iteratorIiPiRiPS1_lLl1024EEC1ES3_S1_
FNDA:3684,_ZNSt3__116__deque_iteratorIiPiRiPS1_lLl1024EEC2ES3_S1_
FNDA:23155,_ZNSt3__112__deque_baseIP5ValueNS_9allocatorIS2_EEE4sizeEv
FNDA:17575,_ZNSt3__112__deque_baseIiNS_9allocatorIiEEE4sizeEv
FNDA:8830,_ZNKSt3__112__deque_baseIP5ValueNS_9allocatorIS2_EEE4sizeEv
FNDA:7344,_ZNKSt3__112__deque_baseIiNS_9allocatorIiEEE4sizeEv
FNDA:8848,_ZNSt3__112__deque_baseIP5ValueNS_9allocatorIS2_EEE7__allocEv
FNDA:7362,_ZNSt3__112__deque_baseIiNS_9allocatorIiEEE7__allocEv
FNDA:6,_ZNSt3__112__deque_baseIP5ValueNS_9allocatorIS2_EEE5beginEv
FNDA:6,_ZNSt3__112__deque_baseIiNS_9allocatorIiEEE5beginEv
FNDA:4421,_ZNSt3__112__deque_baseIP5ValueNS_9allocatorIS2_EEE3endEv
FNDA:3678,_ZNSt3__112__deque_baseIiNS_9allocatorIiEEE3endEv
FNDA:6,_ZNSt3__112__deque_baseIP5ValueNS_9allocatorIS2_EEEC2Ev
FNDA:6,_ZNSt3__112__deque_baseIiNS_9allocatorIiEEEC2Ev
FNDA:6,_ZNSt3__112__deque_baseIP5ValueNS_9allocatorIS2_EEED2Ev
FNDA:6,_ZNSt3__112__deque_baseIiNS_9allocatorIiEEED2Ev
FNDA:6,_ZNSt3__112__deque_baseIP5ValueNS_9allocatorIS2_EEE5clearEv
FNDA:6,_ZNSt3__112__deque_baseIiNS_9allocatorIiEEE5clearEv
FNDA:6,_ZNSt3__15dequeIP5ValueNS_9allocatorIS2_EEED1Ev
FNDA:6,_ZNSt3__15dequeIP5ValueNS_9allocatorIS2_EEED2Ev
FNDA:6,_ZNSt3__15dequeIiNS_9allocatorIiEEED1Ev
FNDA:6,_ZNSt3__15dequeIiNS_9allocatorIiEEED2Ev
FNDA:6,_ZNSt3__15dequeIP5ValueNS_9allocatorIS2_EEEC1Ev
FNDA:6,_ZNSt3__15dequeIP5ValueNS_9allocatorIS2_EEEC2Ev
FNDA:6,_ZNSt3__15dequeIiNS_9allocatorIiEEEC1Ev
FNDA:6,_ZNSt3__15dequeIiNS_9allocatorIiEEEC2Ev
FNDA:8830,_ZNKSt3__15dequeIP5ValueNS_9allocatorIS2_EEE10__capacityEv
FNDA:7344,_ZNKSt3__15dequeIiNS_9allocatorIiEEE10__capacityEv
FNDA:6,_ZNKSt3__15dequeIP5ValueNS_9allocatorIS2_EEE13__front_spareEv
FNDA:6,_ZNKSt3__15dequeIiNS_9allocatorIiEEE13__front_spareEv
FNDA:8830,_ZNKSt3__15dequeIP5ValueNS_9allocatorIS2_EEE12__back_spareEv
FNDA:7344,_ZNKSt3__15dequeIiNS_9allocatorIiEEE12__back_spareEv
FNDA:4415,_ZNKSt3__15dequeIP5ValueNS_9allocatorIS2_EEE19__back_spare_blocksEv
FNDA:3672,_ZNKSt3__15dequeIiNS_9allocatorIiEEE19__back_spare_blocksEv
FNDA:4415,_ZNSt3__15dequeIP5ValueNS_9allocatorIS2_EEE25__maybe_remove_back_spareEb
FNDA:3672,_ZNSt3__15dequeIiNS_9allocatorIiEEE25__maybe_remove_back_spareEb
FNDA:5483,_ZNSt3__15dequeIP5ValueNS_9allocatorIS2_EEE4backEv
FNDA:2875,_ZNSt3__15dequeIiNS_9allocatorIiEEE4backEv
FNDA:1679,_ZNSt3__15dequeIP5ValueNS_9allocatorIS2_EEE9push_backERKS2_
FNDA:2100,_ZNSt3__15dequeIiNS_9allocatorIiEEE9push_backERKi
FNDA:2736,_ZNSt3__15dequeIP5ValueNS_9allocatorIS2_EEE9push_backEOS2_
FNDA:1572,_ZNSt3__15dequeIiNS_9allocatorIiEEE9push_backEOi
FNDA:6,_ZNSt3__15dequeIP5ValueNS_9allocatorIS2_EEE19__add_back_capacityEv
FNDA:6,_ZNSt3__15dequeIiNS_9allocatorIiEEE19__add_back_capacityEv
FNDA:4415,_ZNSt3__15dequeIP5ValueNS_9allocatorIS2_EEE8pop_backEv
FNDA:3672,_ZNSt3__15dequeIiNS_9allocatorIiEEE8pop_backEv
FNF:56
FNH:54
DA:318,8087
DA:321,0
DA:323,0
DA:325,0
DA:326,0
DA:327,0
DA:328,0
DA:413,12
DA:414,12
DA:417,12
DA:418,12
DA:438,16222
DA:439,16222
DA:1037,40730
DA:1039,16174
DA:1040,16210
DA:1045,12
DA:1138,12
DA:1140,12
DA:1141,12
DA:1154,8099
DA:1156,8099
DA:1157,8099
DA:1158,8099
DA:1172,12
DA:1174,24
DA:1182,12
DA:1184,12
DA:1185,12
DA:1186,12
DA:1187,24
DA:1188,12
DA:1189,12
DA:1243,12
DA:1245,12
DA:1246,12
DA:1247,0
DA:1248,12
DA:1249,12
DA:1251,0
DA:1252,0
DA:1254,12
DA:1257,12
DA:1258,12
DA:1260,0
DA:1261,0
DA:1263,12
DA:1266,24
DA:1299,24
DA:1301,36
DA:1483,16174
DA:1485,16174
DA:1494,12
DA:1496,12
DA:1503,16174
DA:1505,16174
DA:1508,8087
DA:1509,8087
DA:1526,8087
DA:1527,8087
DA:1528,0
DA:1530,0
DA:1531,0
DA:1533,8087
DA:1534,8087
DA:1907,8358
DA:1909,8358
DA:1910,8358
DA:1924,3779
DA:1926,3779
DA:1927,3779
DA:1928,0
DA:1930,3779
DA:1931,3779
DA:1932,3779
DA:1950,4308
DA:1952,4308
DA:1953,4308
DA:1954,12
DA:1956,4308
DA:1957,4308
DA:1958,4308
DA:2566,12
DA:2568,12
DA:2569,12
DA:2571,0
DA:2572,0
DA:2573,0
DA:2574,0
DA:2575,0
DA:2577,12
DA:2581,0
DA:2582,0
DA:2585,0
DA:2587,0
DA:2588,0
DA:2589,0
DA:2591,0
DA:2596,24
DA:2597,12
DA:2598,12
DA:2601,12
DA:2602,12
DA:2603,12
DA:2604,12
DA:2605,12
DA:2607,12
DA:2608,12
DA:2609,0
DA:2610,12
DA:2611,12
DA:2612,12
DA:2613,12
DA:2614,12
DA:2615,12
DA:2719,8087
DA:2722,8087
DA:2723,8087
DA:2724,24261
DA:2725,16174
DA:2726,8087
DA:2727,8087
DA:2728,8087
DA:2729,8087
LF:124
LH:96
end_of_record
SF:/Applications/Xcode.app/Contents/Developer/Toolchains/XcodeDefault.xctoolchain/usr/include/c++/v1/initializer_list
FN:84,_ZNKSt16initializer_listIP5ValueE4sizeEv
FN:88,_ZNKSt16initializer_listIP5ValueE5beginEv
FN:92,_ZNKSt16initializer_listIP5ValueE3endEv
FNDA:600,_ZNKSt16initializer_listIP5ValueE4sizeEv
FNDA:200,_ZNKSt16initializer_listIP5ValueE5beginEv
FNDA:200,_ZNKSt16initializer_listIP5ValueE3endEv
FNF:3
FNH:3
DA:84,600
DA:88,200
DA:92,200
LF:3
LH:3
end_of_record
SF:/Applications/Xcode.app/Contents/Developer/Toolchains/XcodeDefault.xctoolchain/usr/include/c++/v1/ios
FN:344,_ZNSt3__18ios_baseC2Ev
FN:348,_ZNKSt3__18ios_base5rdbufEv
FN:458,_ZNKSt3__18ios_base5flagsEv
FN:520,_ZNKSt3__18ios_base5widthEv
FN:527,_ZNSt3__18ios_base5widthEl
FN:545,_ZNSt3__18ios_base8setstateEj
FN:632,_ZNSt3__19basic_iosIcNS_11char_traitsIcEEE8setstateEj
FN:674,_ZNSt3__19basic_iosIcNS_11char_traitsIcEEEC2Ev
FN:709,_ZNSt3__19basic_iosIcNS_11char_traitsIcEEE4initEPNS_15basic_streambufIcS2_EE
FN:737,_ZNKSt3__19basic_iosIcNS_11char_traitsIcEEE5rdbufEv
FN:775,_ZNKSt3__19basic_iosIcNS_11char_traitsIcEEE5widenEc
FN:783,_ZNKSt3__19basic_iosIcNS_11char_traitsIcEEE4fillEv
FNDA:38,_ZNSt3__18ios_baseC2Ev
FNDA:0,_ZNKSt3__18ios_base5rdbufEv
FNDA:0,_ZNKSt3__18ios_base5flagsEv
FNDA:0,_ZNKSt3__18ios_base5widthEv
FNDA:0,_ZNSt3__18ios_base5widthEl
FNDA:0,_ZNSt3__18ios_base8setstateEj
FNDA:0,_ZNSt3__19basic_iosIcNS_11char_traitsIcEEE8setstateEj
FNDA:38,_ZNSt3__19basic_iosIcNS_11char_traitsIcEEEC2Ev
FNDA:38,_ZNSt3__19basic_iosIcNS_11char_traitsIcEEE4initEPNS_15basic_streambufIcS2_EE
FNDA:0,_ZNKSt3__19basic_iosIcNS_11char_traitsIcEEE5rdbufEv
FNDA:0,_ZNKSt3__19basic_iosIcNS_11char_traitsIcEEE5widenEc
FNDA:0,_ZNKSt3__19basic_iosIcNS_11char_traitsIcEEE4fillEv
FNF:12
FNH:3
DA:344,38
DA:345,38
DA:348,0
DA:458,0
DA:460,0
DA:520,0
DA:522,0
DA:527,0
DA:529,0
DA:530,0
DA:531,0
DA:545,0
DA:547,0
DA:548,0
DA:632,0
DA:674,38
DA:675,38
DA:709,38
DA:711,38
DA:712,38
DA:713,38
DA:714,38
DA:737,0
DA:739,0
DA:775,0
DA:777,0
DA:778,0
DA:783,0
DA:785,0
DA:786,0
DA:787,0
LF:31
LH:9
end_of_record
SF:/Applications/Xcode.app/Contents/Developer/Toolchains/XcodeDefault.xctoolchain/usr/include/c++/v1/iosfwd
FN:130,_ZNSt3__115basic_stringbufIcNS_11char_traitsIcEENS_9allocatorIcEEED1Ev
FN:130,_ZNSt3__115basic_stringbufIcNS_11char_traitsIcEENS_9allocatorIcEEED0Ev
FN:130,_ZNSt3__115basic_stringbufIcNS_11char_traitsIcEENS_9allocatorIcEEED2Ev
FN:139,_ZNSt3__118basic_stringstreamIcNS_11char_traitsIcEENS_9allocatorIcEEED0Ev
FN:139,_ZNSt3__118basic_stringstreamIcNS_11char_traitsIcEENS_9allocatorIcEEED2Ev
FN:139,_ZNSt3__118basic_stringstreamIcNS_11char_traitsIcEENS_9allocatorIcEEED1Ev
FNDA:200,_ZNSt3__115basic_stringbufIcNS_11char_traitsIcEENS_9allocatorIcEEED1Ev
FNDA:0,_ZNSt3__115basic_stringbufIcNS_11char_traitsIcEENS_9allocatorIcEEED0Ev
FNDA:200,_ZNSt3__115basic_stringbufIcNS_11char_traitsIcEENS_9allocatorIcEEED2Ev
FNDA:162,_ZNSt3__118basic_stringstreamIcNS_11char_traitsIcEENS_9allocatorIcEEED1Ev
FNDA:0,_ZNSt3__118basic_stringstreamIcNS_11char_traitsIcEENS_9allocatorIcEEED0Ev
FNDA:162,_ZNSt3__118basic_stringstreamIcNS_11char_traitsIcEENS_9allocatorIcEEED2Ev
FNF:6
FNH:4
DA:130,400
DA:139,324
LF:2
LH:2
end_of_record
SF:/Applications/Xcode.app/Contents/Developer/Toolchains/XcodeDefault.xctoolchain/usr/include/c++/v1/istream
FN:190,_ZNSt3__113basic_istreamIcNS_11char_traitsIcEEEC2EPNS_15basic_streambufIcS2_EE
FN:1407,_ZNSt3__114basic_iostreamIcNS_11char_traitsIcEEEC2EPNS_15basic_streambufIcS2_EE
FNDA:38,_ZNSt3__113basic_istreamIcNS_11char_traitsIcEEEC2EPNS_15basic_streambufIcS2_EE
FNDA:38,_ZNSt3__114basic_iostreamIcNS_11char_traitsIcEEEC2EPNS_15basic_streambufIcS2_EE
FNF:2
FNH:2
DA:190,38
DA:191,76
DA:1407,38
DA:1408,38
DA:1409,76
LF:5
LH:5
end_of_record
SF:/Applications/Xcode.app/Contents/Developer/Toolchains/XcodeDefault.xctoolchain/usr/include/c++/v1/iterator
FN:690,_ZNSt3__1L10__distanceINS_13move_iteratorIPPiEEEENS_15iterator_traitsIT_E15difference_typeES6_S6_NS_26random_access_iterator_tagE
FN:690,_ZNSt3__1L10__distanceINS_13move_iteratorIPPP5ValueEEEENS_15iterator_traitsIT_E15difference_typeES8_S8_NS_26random_access_iterator_tagE
FN:698,_ZNSt3__1L8distanceINS_13move_iteratorIPPP5ValueEEEENS_15iterator_traitsIT_E15difference_typeES8_S8_
FN:698,_ZNSt3__1L8distanceINS_13move_iteratorIPPiEEEENS_15iterator_traitsIT_E15difference_typeES6_S6_
FN:770,_ZNSt3__116reverse_iteratorINS_11__wrap_iterIPNS_3mapINS_12basic_stringIcNS_11char_traitsIcEENS_9allocatorIcEEEEP5ValueNS_4lessIS8_EENS6_INS_4pairIKS8_SA_EEEEEEEEEC2ESJ_
FN:770,_ZNSt3__116reverse_iteratorINS_11__wrap_iterIPNS_3mapINS_12basic_stringIcNS_11char_traitsIcEENS_9allocatorIcEEEEP5ValueNS_4lessIS8_EENS6_INS_4pairIKS8_SA_EEEEEEEEEC1ESJ_
FN:779,_ZNKSt3__116reverse_iteratorINS_11__wrap_iterIPNS_3mapINS_12basic_stringIcNS_11char_traitsIcEENS_9allocatorIcEEEEP5ValueNS_4lessIS8_EENS6_INS_4pairIKS8_SA_EEEEEEEEE4baseEv
FN:781,_ZNKSt3__116reverse_iteratorINS_11__wrap_iterIPNS_3mapINS_12basic_stringIcNS_11char_traitsIcEENS_9allocatorIcEEEEP5ValueNS_4lessIS8_EENS6_INS_4pairIKS8_SA_EEEEEEEEEdeEv
FN:783,_ZNKSt3__116reverse_iteratorINS_11__wrap_iterIPNS_3mapINS_12basic_stringIcNS_11char_traitsIcEENS_9allocatorIcEEEEP5ValueNS_4lessIS8_EENS6_INS_4pairIKS8_SA_EEEEEEEEEptEv
FN:787,_ZNSt3__116reverse_iteratorINS_11__wrap_iterIPNS_3mapINS_12basic_stringIcNS_11char_traitsIcEENS_9allocatorIcEEEEP5ValueNS_4lessIS8_EENS6_INS_4pairIKS8_SA_EEEEEEEEEppEi
FN:823,_ZNSt3__1neINS_11__wrap_iterIPNS_3mapINS_12basic_stringIcNS_11char_traitsIcEENS_9allocatorIcEEEEP5ValueNS_4lessIS8_EENS6_INS_4pairIKS8_SA_EEEEEEEESJ_EEbRKNS_16reverse_iteratorIT_EERKNSK_IT0_EE
FN:1162,_ZNSt3__119ostreambuf_iteratorIcNS_11char_traitsIcEEEC2ERNS_13basic_ostreamIcS2_EE
FN:1162,_ZNSt3__119ostreambuf_iteratorIcNS_11char_traitsIcEEEC1ERNS_13basic_ostreamIcS2_EE
FN:1175,_ZNKSt3__119ostreambuf_iteratorIcNS_11char_traitsIcEEE6failedEv
FN:1211,_ZNSt3__113move_iteratorIPPiEC1ES2_
FN:1211,_ZNSt3__113move_iteratorIPPiEC2ES2_
FN:1211,_ZNSt3__113move_iteratorIPPP5ValueEC2ES4_
FN:1211,_ZNSt3__113move_iteratorIPPP5ValueEC1ES4_
FN:1215,_ZNKSt3__113move_iteratorIPPiE4baseEv
FN:1215,_ZNKSt3__113move_iteratorIPPP5ValueE4baseEv
FN:1217,_ZNKSt3__113move_iteratorIPPiEdeEv
FN:1217,_ZNKSt3__113move_iteratorIPPP5ValueEdeEv
FN:1221,_ZNSt3__113move_iteratorIPPP5ValueEppEv
FN:1221,_ZNSt3__113move_iteratorIPPiEppEv
FN:1292,_ZNSt3__1miIPPP5ValueS4_EEDTmicldtfp_4baseEcldtfp0_4baseEERKNS_13move_iteratorIT_EERKNS6_IT0_EE
FN:1292,_ZNSt3__1miIPPiS2_EEDTmicldtfp_4baseEcldtfp0_4baseEERKNS_13move_iteratorIT_EERKNS4_IT0_EE
FN:1458,_ZNKSt3__111__wrap_iterIPNS_10shared_ptrI12ASTStatementEEEdeEv
FN:1458,_ZNKSt3__111__wrap_iterIPNS_3mapINS_12basic_stringIcNS_11char_traitsIcEENS_9allocatorIcEEEEP5ValueNS_4lessIS7_EENS5_INS_4pairIKS7_S9_EEEEEEEdeEv
FN:1458,_ZNKSt3__111__wrap_iterIPNS_10shared_ptrI8ASTParamEEEdeEv
FN:1458,_ZNKSt3__111__wrap_iterIPNS_10shared_ptrI17ASTVarDeclarationEEEdeEv
FN:1458,_ZNKSt3__111__wrap_iterIPNS_10shared_ptrI14ASTDeclarationEEEdeEv
FN:1474,_ZNSt3__111__wrap_iterIPNS_10shared_ptrI12ASTStatementEEEppEv
FN:1474,_ZNSt3__111__wrap_iterIPNS_10shared_ptrI14ASTDeclarationEEEppEv
FN:1474,_ZNSt3__111__wrap_iterIPNS_10shared_ptrI8ASTParamEEEppEv
FN:1474,_ZNSt3__111__wrap_iterIPNS_10shared_ptrI17ASTVarDeclarationEEEppEv
FN:1486,_ZNSt3__111__wrap_iterIPNS_3mapINS_12basic_stringIcNS_11char_traitsIcEENS_9allocatorIcEEEEP5ValueNS_4lessIS7_EENS5_INS_4pairIKS7_S9_EEEEEEEmmEv
FN:1521,_ZNKSt3__111__wrap_iterIPNS_3mapINS_12basic_stringIcNS_11char_traitsIcEENS_9allocatorIcEEEEP5ValueNS_4lessIS7_EENS5_INS_4pairIKS7_S9_EEEEEEE4baseEv
FN:1521,_ZNKSt3__111__wrap_iterIPNS_10shared_ptrI17ASTVarDeclarationEEE4baseEv
FN:1521,_ZNKSt3__111__wrap_iterIPNS_10shared_ptrI12ASTStatementEEE4baseEv
FN:1521,_ZNKSt3__111__wrap_iterIPNS_10shared_ptrI14ASTDeclarationEEE4baseEv
FN:1521,_ZNKSt3__111__wrap_iterIPNS_10shared_ptrI8ASTParamEEE4baseEv
FN:1530,_ZNSt3__111__wrap_iterIPNS_3mapINS_12basic_stringIcNS_11char_traitsIcEENS_9allocatorIcEEEEP5ValueNS_4lessIS7_EENS5_INS_4pairIKS7_S9_EEEEEEEC2ESH_
FN:1530,_ZNSt3__111__wrap_iterIPNS_10shared_ptrI17ASTVarDeclarationEEEC2ES4_
FN:1530,_ZNSt3__111__wrap_iterIPNS_3mapINS_12basic_stringIcNS_11char_traitsIcEENS_9allocatorIcEEEEP5ValueNS_4lessIS7_EENS5_INS_4pairIKS7_S9_EEEEEEEC1ESH_
FN:1530,_ZNSt3__111__wrap_iterIPNS_10shared_ptrI12ASTStatementEEEC1ES4_
FN:1530,_ZNSt3__111__wrap_iterIPNS_10shared_ptrI8ASTParamEEEC1ES4_
FN:1530,_ZNSt3__111__wrap_iterIPNS_10shared_ptrI14ASTDeclarationEEEC2ES4_
FN:1530,_ZNSt3__111__wrap_iterIPNS_10shared_ptrI14ASTDeclarationEEEC1ES4_
FN:1530,_ZNSt3__111__wrap_iterIPNS_10shared_ptrI8ASTParamEEEC2ES4_
FN:1530,_ZNSt3__111__wrap_iterIPNS_10shared_ptrI12ASTStatementEEEC2ES4_
FN:1530,_ZNSt3__111__wrap_iterIPNS_10shared_ptrI17ASTVarDeclarationEEEC1ES4_
FN:1615,_ZNSt3__1eqIPNS_10shared_ptrI17ASTVarDeclarationEES4_EEbRKNS_11__wrap_iterIT_EERKNS5_IT0_EE
FN:1615,_ZNSt3__1eqIPNS_10shared_ptrI8ASTParamEES4_EEbRKNS_11__wrap_iterIT_EERKNS5_IT0_EE
FN:1615,_ZNSt3__1eqIPNS_3mapINS_12basic_stringIcNS_11char_traitsIcEENS_9allocatorIcEEEEP5ValueNS_4lessIS7_EENS5_INS_4pairIKS7_S9_EEEEEESH_EEbRKNS_11__wrap_iterIT_EERKNSI_IT0_EE
FN:1615,_ZNSt3__1eqIPNS_10shared_ptrI14ASTDeclarationEES4_EEbRKNS_11__wrap_iterIT_EERKNS5_IT0_EE
FN:1615,_ZNSt3__1eqIPNS_10shared_ptrI12ASTStatementEES4_EEbRKNS_11__wrap_iterIT_EERKNS5_IT0_EE
FN:1667,_ZNSt3__1neIPNS_10shared_ptrI8ASTParamEEEEbRKNS_11__wrap_iterIT_EES9_
FN:1667,_ZNSt3__1neIPNS_10shared_ptrI12ASTStatementEEEEbRKNS_11__wrap_iterIT_EES9_
FN:1667,_ZNSt3__1neIPNS_3mapINS_12basic_stringIcNS_11char_traitsIcEENS_9allocatorIcEEEEP5ValueNS_4lessIS7_EENS5_INS_4pairIKS7_S9_EEEEEEEEbRKNS_11__wrap_iterIT_EESM_
FN:1667,_ZNSt3__1neIPNS_10shared_ptrI17ASTVarDeclarationEEEEbRKNS_11__wrap_iterIT_EES9_
FN:1667,_ZNSt3__1neIPNS_10shared_ptrI14ASTDeclarationEEEEbRKNS_11__wrap_iterIT_EES9_
FNDA:0,_ZNSt3__1L10__distanceINS_13move_iteratorIPPP5ValueEEEENS_15iterator_traitsIT_E15difference_typeES8_S8_NS_26random_access_iterator_tagE
FNDA:0,_ZNSt3__1L10__distanceINS_13move_iteratorIPPiEEEENS_15iterator_traitsIT_E15difference_typeES6_S6_NS_26random_access_iterator_tagE
FNDA:0,_ZNSt3__1L8distanceINS_13move_iteratorIPPP5ValueEEEENS_15iterator_traitsIT_E15difference_typeES8_S8_
FNDA:0,_ZNSt3__1L8distanceINS_13move_iteratorIPPiEEEENS_15iterator_traitsIT_E15difference_typeES6_S6_
FNDA:4785,_ZNSt3__116reverse_iteratorINS_11__wrap_iterIPNS_3mapINS_12basic_stringIcNS_11char_traitsIcEENS_9allocatorIcEEEEP5ValueNS_4lessIS8_EENS6_INS_4pairIKS8_SA_EEEEEEEEEC1ESJ_
FNDA:4785,_ZNSt3__116reverse_iteratorINS_11__wrap_iterIPNS_3mapINS_12basic_stringIcNS_11char_traitsIcEENS_9allocatorIcEEEEP5ValueNS_4lessIS8_EENS6_INS_4pairIKS8_SA_EEEEEEEEEC2ESJ_
[...]
FN:948,_ZNSt3__16vectorIP5ValueNS_9allocatorIS2_EEE26__swap_out_circular_bufferERNS_14__split_bufferIS2_RS4_EE
FN:948,_ZNSt3__16vectorIP4TypeNS_9allocatorIS2_EEE26__swap_out_circular_bufferERNS_14__split_bufferIS2_RS4_EE
FN:990,_ZNSt3__16vectorIP4TypeNS_9allocatorIS2_EEE11__vallocateEm
FN:990,_ZNSt3__16vectorIP5ValueNS_9allocatorIS2_EEE11__vallocateEm
FN:1013,_ZNKSt3__16vectorIP5ValueNS_9allocatorIS2_EEE8max_sizeEv
FN:1013,_ZNKSt3__16vectorIP4TypeNS_9allocatorIS2_EEE8max_sizeEv
FN:1013,_ZNKSt3__16vectorINS_3mapINS_12basic_stringIcNS_11char_traitsIcEENS_9allocatorIcEEEEP5ValueNS_4lessIS7_EENS5_INS_4pairIKS7_S9_EEEEEENS5_ISG_EEE8max_sizeEv
FN:1023,_ZNKSt3__16vectorINS_3mapINS_12basic_stringIcNS_11char_traitsIcEENS_9allocatorIcEEEEP5ValueNS_4lessIS7_EENS5_INS_4pairIKS7_S9_EEEEEENS5_ISG_EEE11__recommendEm
FN:1023,_ZNKSt3__16vectorIP5ValueNS_9allocatorIS2_EEE11__recommendEm
FN:1023,_ZNKSt3__16vectorIP4TypeNS_9allocatorIS2_EEE11__recommendEm
FN:1073,_ZNSt3__16vectorIP5ValueNS_9allocatorIS2_EEE18__construct_at_endIPKS2_EENS_9enable_ifIXsr27__is_cpp17_forward_iteratorIT_EE5valueEvE4typeESA_SA_m
FN:1073,_ZNSt3__16vectorIP4TypeNS_9allocatorIS2_EEE18__construct_at_endIPS2_EENS_9enable_ifIXsr27__is_cpp17_forward_iteratorIT_EE5valueEvE4typeES9_S9_m
FN:1073,_ZNSt3__16vectorIP5ValueNS_9allocatorIS2_EEE18__construct_at_endIPS2_EENS_9enable_ifIXsr27__is_cpp17_forward_iteratorIT_EE5valueEvE4typeES9_S9_m
FN:1248,_ZNSt3__16vectorIP5ValueNS_9allocatorIS2_EEEC1ERKS5_
FN:1248,_ZNSt3__16vectorIP4TypeNS_9allocatorIS2_EEEC2ERKS5_
FN:1248,_ZNSt3__16vectorIP4TypeNS_9allocatorIS2_EEEC1ERKS5_
FN:1248,_ZNSt3__16vectorIP5ValueNS_9allocatorIS2_EEEC2ERKS5_
FN:1326,_ZNSt3__16vectorIP5ValueNS_9allocatorIS2_EEEC1ESt16initializer_listIS2_E
FN:1326,_ZNSt3__16vectorIP5ValueNS_9allocatorIS2_EEEC2ESt16initializer_listIS2_E
FN:1490,_ZNSt3__16vectorINS_10shared_ptrI17ASTVarDeclarationEENS_9allocatorIS3_EEE11__make_iterEPS3_
FN:1490,_ZNSt3__16vectorINS_3mapINS_12basic_stringIcNS_11char_traitsIcEENS_9allocatorIcEEEEP5ValueNS_4lessIS7_EENS5_INS_4pairIKS7_S9_EEEEEENS5_ISG_EEE11__make_iterEPSG_
FN:1490,_ZNSt3__16vectorINS_10shared_ptrI14ASTDeclarationEENS_9allocatorIS3_EEE11__make_iterEPS3_
FN:1490,_ZNSt3__16vectorINS_10shared_ptrI12ASTStatementEENS_9allocatorIS3_EEE11__make_iterEPS3_
FN:1490,_ZNSt3__16vectorINS_10shared_ptrI8ASTParamEENS_9allocatorIS3_EEE11__make_iterEPS3_
FN:1514,_ZNSt3__16vectorINS_10shared_ptrI14ASTDeclarationEENS_9allocatorIS3_EEE5beginEv
FN:1514,_ZNSt3__16vectorINS_3mapINS_12basic_stringIcNS_11char_traitsIcEENS_9allocatorIcEEEEP5ValueNS_4lessIS7_EENS5_INS_4pairIKS7_S9_EEEEEENS5_ISG_EEE5beginEv
FN:1514,_ZNSt3__16vectorINS_10shared_ptrI8ASTParamEENS_9allocatorIS3_EEE5beginEv
FN:1514,_ZNSt3__16vectorINS_10shared_ptrI17ASTVarDeclarationEENS_9allocatorIS3_EEE5beginEv
FN:1514,_ZNSt3__16vectorINS_10shared_ptrI12ASTStatementEENS_9allocatorIS3_EEE5beginEv
FN:1530,_ZNSt3__16vectorINS_10shared_ptrI8ASTParamEENS_9allocatorIS3_EEE3endEv
FN:1530,_ZNSt3__16vectorINS_10shared_ptrI12ASTStatementEENS_9allocatorIS3_EEE3endEv
FN:1530,_ZNSt3__16vectorINS_10shared_ptrI14ASTDeclarationEENS_9allocatorIS3_EEE3endEv
FN:1530,_ZNSt3__16vectorINS_3mapINS_12basic_stringIcNS_11char_traitsIcEENS_9allocatorIcEEEEP5ValueNS_4lessIS7_EENS5_INS_4pairIKS7_S9_EEEEEENS5_ISG_EEE3endEv
FN:1530,_ZNSt3__16vectorINS_10shared_ptrI17ASTVarDeclarationEENS_9allocatorIS3_EEE3endEv
FN:1546,_ZNSt3__16vectorINS_10shared_ptrI8ASTParamEENS_9allocatorIS3_EEEixEm
FN:1546,_ZNSt3__16vectorINS_3mapINS_12basic_stringIcNS_11char_traitsIcEENS_9allocatorIcEEEEP5ValueNS_4lessIS7_EENS5_INS_4pairIKS7_S9_EEEEEENS5_ISG_EEEixEm
FN:1546,_ZNSt3__16vectorINS_10shared_ptrI13ASTExpressionEENS_9allocatorIS3_EEEixEm
FN:1617,_ZNSt3__16vectorINS_3mapINS_12basic_stringIcNS_11char_traitsIcEENS_9allocatorIcEEEEP5ValueNS_4lessIS7_EENS5_INS_4pairIKS7_S9_EEEEEENS5_ISG_EEE21__push_back_slow_pathISG_EEvOT_
FN:1617,_ZNSt3__16vectorIP4TypeNS_9allocatorIS2_EEE21__push_back_slow_pathIS2_EEvOT_
FN:1617,_ZNSt3__16vectorIP5ValueNS_9allocatorIS2_EEE21__push_back_slow_pathIRKS2_EEvOT_
FN:1633,_ZNSt3__16vectorIP5ValueNS_9allocatorIS2_EEE9push_backERKS2_
FN:1648,_ZNSt3__16vectorIP4TypeNS_9allocatorIS2_EEE9push_backEOS2_
FN:1648,_ZNSt3__16vectorINS_3mapINS_12basic_stringIcNS_11char_traitsIcEENS_9allocatorIcEEEEP5ValueNS_4lessIS7_EENS5_INS_4pairIKS7_S9_EEEEEENS5_ISG_EEE9push_backEOSG_
FN:1697,_ZNSt3__16vectorINS_3mapINS_12basic_stringIcNS_11char_traitsIcEENS_9allocatorIcEEEEP5ValueNS_4lessIS7_EENS5_INS_4pairIKS7_S9_EEEEEENS5_ISG_EEE8pop_backEv
FN:2120,_ZNSt3__16vectorIP5ValueNS_9allocatorIS2_EEE26__invalidate_all_iteratorsEv
FN:2120,_ZNSt3__16vectorINS_3mapINS_12basic_stringIcNS_11char_traitsIcEENS_9allocatorIcEEEEP5ValueNS_4lessIS7_EENS5_INS_4pairIKS7_S9_EEEEEENS5_ISG_EEE26__invalidate_all_iteratorsEv
FN:2120,_ZNSt3__16vectorIP4TypeNS_9allocatorIS2_EEE26__invalidate_all_iteratorsEv
FN:2131,_ZNSt3__16vectorINS_3mapINS_12basic_stringIcNS_11char_traitsIcEENS_9allocatorIcEEEEP5ValueNS_4lessIS7_EENS5_INS_4pairIKS7_S9_EEEEEENS5_ISG_EEE27__invalidate_iterators_pastEPSG_
FNDA:2330,_ZNSt3__120__vector_base_commonILb1EEC2Ev
FNDA:321,_ZNSt3__113__vector_baseINS_3mapINS_12basic_stringIcNS_11char_traitsIcEENS_9allocatorIcEEEEP5ValueNS_4lessIS7_EENS5_INS_4pairIKS7_S9_EEEEEENS5_ISG_EEE7__allocEv
FNDA:12500,_ZNSt3__113__vector_baseIP5ValueNS_9allocatorIS2_EEE7__allocEv
FNDA:192,_ZNSt3__113__vector_baseIP4TypeNS_9allocatorIS2_EEE7__allocEv
FNDA:0,_ZNKSt3__113__vector_baseINS_3mapINS_12basic_stringIcNS_11char_traitsIcEENS_9allocatorIcEEEEP5ValueNS_4lessIS7_EENS5_INS_4pairIKS7_S9_EEEEEENS5_ISG_EEE7__allocEv
FNDA:7289,_ZNKSt3__113__vector_baseIP5ValueNS_9allocatorIS2_EEE7__allocEv
FNDA:0,_ZNKSt3__113__vector_baseIP4TypeNS_9allocatorIS2_EEE7__allocEv
FNDA:0,_ZNSt3__113__vector_baseINS_3mapINS_12basic_stringIcNS_11char_traitsIcEENS_9allocatorIcEEEEP5ValueNS_4lessIS7_EENS5_INS_4pairIKS7_S9_EEEEEENS5_ISG_EEE9__end_capEv
FNDA:5837,_ZNSt3__113__vector_baseIP5ValueNS_9allocatorIS2_EEE9__end_capEv
FNDA:96,_ZNSt3__113__vector_baseIP4TypeNS_9allocatorIS2_EEE9__end_capEv
FNDA:321,_ZNKSt3__113__vector_baseINS_3mapINS_12basic_stringIcNS_11char_traitsIcEENS_9allocatorIcEEEEP5ValueNS_4lessIS7_EENS5_INS_4pairIKS7_S9_EEEEEENS5_ISG_EEE9__end_capEv
FNDA:23633,_ZNKSt3__113__vector_baseIP5ValueNS_9allocatorIS2_EEE9__end_capEv
FNDA:387,_ZNKSt3__113__vector_baseIP4TypeNS_9allocatorIS2_EEE9__end_capEv
FNDA:2012,_ZNSt3__113__vector_baseIP5ValueNS_9allocatorIS2_EEE5clearEv
FNDA:115,_ZNSt3__113__vector_baseIP4TypeNS_9allocatorIS2_EEE5clearEv
FNDA:321,_ZNKSt3__113__vector_baseINS_3mapINS_12basic_stringIcNS_11char_traitsIcEENS_9allocatorIcEEEEP5ValueNS_4lessIS7_EENS5_INS_4pairIKS7_S9_EEEEEENS5_ISG_EEE8capacityEv
FNDA:23633,_ZNKSt3__113__vector_baseIP5ValueNS_9allocatorIS2_EEE8capacityEv
FNDA:387,_ZNKSt3__113__vector_baseIP4TypeNS_9allocatorIS2_EEE8capacityEv
FNDA:321,_ZNSt3__113__vector_baseINS_3mapINS_12basic_stringIcNS_11char_traitsIcEENS_9allocatorIcEEEEP5ValueNS_4lessIS7_EENS5_INS_4pairIKS7_S9_EEEEEENS5_ISG_EEE17__destruct_at_endEPSG_
FNDA:2012,_ZNSt3__113__vector_baseIP5ValueNS_9allocatorIS2_EEE17__destruct_at_endEPS2_
FNDA:115,_ZNSt3__113__vector_baseIP4TypeNS_9allocatorIS2_EEE17__destruct_at_endEPS2_
FNDA:12,_ZNSt3__113__vector_baseIP4TypeNS_9allocatorIS2_EEEC2Ev
FNDA:553,_ZNSt3__113__vector_baseIP5ValueNS_9allocatorIS2_EEEC2Ev
FNDA:1765,_ZNSt3__113__vector_baseIP5ValueNS_9allocatorIS2_EEEC2EOS4_
FNDA:0,_ZNSt3__113__vector_baseIP4TypeNS_9allocatorIS2_EEEC2EOS4_
FNDA:2318,_ZNSt3__113__vector_baseIP5ValueNS_9allocatorIS2_EEED2Ev
FNDA:0,_ZNSt3__113__vector_baseIP4TypeNS_9allocatorIS2_EEED2Ev
FNDA:12,_ZNSt3__16vectorIP4TypeNS_9allocatorIS2_EEEC1Ev
FNDA:353,_ZNSt3__16vectorIP5ValueNS_9allocatorIS2_EEEC1Ev
FNDA:12,_ZNSt3__16vectorIP4TypeNS_9allocatorIS2_EEEC2Ev
FNDA:353,_ZNSt3__16vectorIP5ValueNS_9allocatorIS2_EEEC2Ev
FNDA:127,_ZNSt3__16vectorIP4TypeNS_9allocatorIS2_EEED1Ev
FNDA:1365,_ZNSt3__16vectorIP5ValueNS_9allocatorIS2_EEED1Ev
FNDA:1365,_ZNSt3__16vectorIP5ValueNS_9allocatorIS2_EEED2Ev
FNDA:127,_ZNSt3__16vectorIP4TypeNS_9allocatorIS2_EEED2Ev
FNDA:1676,_ZNSt3__16vectorINS_3mapINS_12basic_stringIcNS_11char_traitsIcEENS_9allocatorIcEEEEP5ValueNS_4lessIS7_EENS5_INS_4pairIKS7_S9_EEEEEENS5_ISG_EEE6rbeginEv
FNDA:3109,_ZNSt3__16vectorINS_3mapINS_12basic_stringIcNS_11char_traitsIcEENS_9allocatorIcEEEEP5ValueNS_4lessIS7_EENS5_INS_4pairIKS7_S9_EEEEEENS5_ISG_EEE4rendEv
FNDA:259,_ZNKSt3__16vectorINS_10shared_ptrI13ASTExpressionEENS_9allocatorIS3_EEE4sizeEv
FNDA:788,_ZNKSt3__16vectorINS_3mapINS_12basic_stringIcNS_11char_traitsIcEENS_9allocatorIcEEEEP5ValueNS_4lessIS7_EENS5_INS_4pairIKS7_S9_EEEEEENS5_ISG_EEE4sizeEv
FNDA:11286,_ZNKSt3__16vectorIP5ValueNS_9allocatorIS2_EEE4sizeEv
FNDA:393,_ZNKSt3__16vectorIP4TypeNS_9allocatorIS2_EEE4sizeEv
FNDA:321,_ZNKSt3__16vectorINS_3mapINS_12basic_stringIcNS_11char_traitsIcEENS_9allocatorIcEEEEP5ValueNS_4lessIS7_EENS5_INS_4pairIKS7_S9_EEEEEENS5_ISG_EEE8capacityEv
FNDA:21621,_ZNKSt3__16vectorIP5ValueNS_9allocatorIS2_EEE8capacityEv
FNDA:387,_ZNKSt3__16vectorIP4TypeNS_9allocatorIS2_EEE8capacityEv
FNDA:1284,_ZNKSt3__16vectorINS_3mapINS_12basic_stringIcNS_11char_traitsIcEENS_9allocatorIcEEEEP5ValueNS_4lessIS7_EENS5_INS_4pairIKS7_S9_EEEEEENS5_ISG_EEE4dataEv
FNDA:42616,_ZNKSt3__16vectorIP5ValueNS_9allocatorIS2_EEE4dataEv
FNDA:968,_ZNKSt3__16vectorIP4TypeNS_9allocatorIS2_EEE4dataEv
FNDA:115,_ZNSt3__16vectorIP4TypeNS_9allocatorIS2_EEE5clearEv
FNDA:321,_ZNSt3__16vectorINS_3mapINS_12basic_stringIcNS_11char_traitsIcEENS_9allocatorIcEEEEP5ValueNS_4lessIS7_EENS5_INS_4pairIKS7_S9_EEEEEENS5_ISG_EEE17__destruct_at_endEPSG_
FNDA:321,_ZNKSt3__16vectorINS_3mapINS_12basic_stringIcNS_11char_traitsIcEENS_9allocatorIcEEEEP5ValueNS_4lessIS7_EENS5_INS_4pairIKS7_S9_EEEEEENS5_ISG_EEE31__annotate_contiguous_containerEPKvSK_SK_SK_
FNDA:10654,_ZNKSt3__16vectorIP5ValueNS_9allocatorIS2_EEE31__annotate_contiguous_containerEPKvS7_S7_S7_
FNDA:242,_ZNKSt3__16vectorIP4TypeNS_9allocatorIS2_EEE31__annotate_contiguous_containerEPKvS7_S7_S7_
FNDA:0,_ZNKSt3__16vectorINS_3mapINS_12basic_stringIcNS_11char_traitsIcEENS_9allocatorIcEEEEP5ValueNS_4lessIS7_EENS5_INS_4pairIKS7_S9_EEEEEENS5_ISG_EEE14__annotate_newEm
FNDA:5524,_ZNKSt3__16vectorIP5ValueNS_9allocatorIS2_EEE14__annotate_newEm
FNDA:0,_ZNKSt3__16vectorIP4TypeNS_9allocatorIS2_EEE14__annotate_newEm
FNDA:0,_ZNKSt3__16vectorINS_3mapINS_12basic_stringIcNS_11char_traitsIcEENS_9allocatorIcEEEEP5ValueNS_4lessIS7_EENS5_INS_4pairIKS7_S9_EEEEEENS5_ISG_EEE17__annotate_deleteEv
FNDA:5130,_ZNKSt3__16vectorIP5ValueNS_9allocatorIS2_EEE17__annotate_deleteEv
FNDA:127,_ZNKSt3__16vectorIP4TypeNS_9allocatorIS2_EEE17__annotate_deleteEv
FNDA:321,_ZNKSt3__16vectorINS_3mapINS_12basic_stringIcNS_11char_traitsIcEENS_9allocatorIcEEEEP5ValueNS_4lessIS7_EENS5_INS_4pairIKS7_S9_EEEEEENS5_ISG_EEE17__annotate_shrinkEm
FNDA:115,_ZNKSt3__16vectorIP4TypeNS_9allocatorIS2_EEE17__annotate_shrinkEm
FNDA:0,_ZNSt3__16vectorINS_3mapINS_12basic_stringIcNS_11char_traitsIcEENS_9allocatorIcEEEEP5ValueNS_4lessIS7_EENS5_INS_4pairIKS7_S9_EEEEEENS5_ISG_EEE21_ConstructTransactionC1ERSI_m
FNDA:0,_ZNSt3__16vectorINS_3mapINS_12basic_stringIcNS_11char_traitsIcEENS_9allocatorIcEEEEP5ValueNS_4lessIS7_EENS5_INS_4pairIKS7_S9_EEEEEENS5_ISG_EEE21_ConstructTransactionC2ERSI_m
FNDA:1759,_ZNSt3__16vectorIP5ValueNS_9allocatorIS2_EEE21_ConstructTransactionC1ERS5_m
FNDA:1759,_ZNSt3__16vectorIP5ValueNS_9allocatorIS2_EEE21_ConstructTransactionC2ERS5_m
FNDA:0,_ZNSt3__16vectorIP4TypeNS_9allocatorIS2_EEE21_ConstructTransactionC1ERS5_m
FNDA:0,_ZNSt3__16vectorIP4TypeNS_9allocatorIS2_EEE21_ConstructTransactionC2ERS5_m
FNDA:0,_ZNSt3__16vectorINS_3mapINS_12basic_stringIcNS_11char_traitsIcEENS_9allocatorIcEEEEP5ValueNS_4lessIS7_EENS5_INS_4pairIKS7_S9_EEEEEENS5_ISG_EEE21_ConstructTransactionD1Ev
FNDA:0,_ZNSt3__16vectorINS_3mapINS_12basic_stringIcNS_11char_traitsIcEENS_9allocatorIcEEEEP5ValueNS_4lessIS7_EENS5_INS_4pairIKS7_S9_EEEEEENS5_ISG_EEE21_ConstructTransactionD2Ev
FNDA:1759,_ZNSt3__16vectorIP5ValueNS_9allocatorIS2_EEE21_ConstructTransactionD1Ev
FNDA:1759,_ZNSt3__16vectorIP5ValueNS_9allocatorIS2_EEE21_ConstructTransactionD2Ev
FNDA:0,_ZNSt3__16vectorIP4TypeNS_9allocatorIS2_EEE21_ConstructTransactionD1Ev
FNDA:0,_ZNSt3__16vectorIP4TypeNS_9allocatorIS2_EEE21_ConstructTransactionD2Ev
FNDA:0,_ZNSt3__16vectorINS_3mapINS_12basic_stringIcNS_11char_traitsIcEENS_9allocatorIcEEEEP5ValueNS_4lessIS7_EENS5_INS_4pairIKS7_S9_EEEEEENS5_ISG_EEE22__construct_one_at_endIJSG_EEEvDpOT_
FNDA:78,_ZNSt3__16vectorIP4TypeNS_9allocatorIS2_EEE22__construct_one_at_endIJS2_EEEvDpOT_
FNDA:0,_ZNSt3__16vectorIP5ValueNS_9allocatorIS2_EEE22__construct_one_at_endIJRKS2_EEEvDpOT_
FNDA:0,_ZNSt3__16vectorINS_3mapINS_12basic_stringIcNS_11char_traitsIcEENS_9allocatorIcEEEEP5ValueNS_4lessIS7_EENS5_INS_4pairIKS7_S9_EEEEEENS5_ISG_EEE26__swap_out_circular_bufferERNS_14__split_bufferISG_RSH_EE
FNDA:0,_ZNSt3__16vectorIP4TypeNS_9allocatorIS2_EEE26__swap_out_circular_bufferERNS_14__split_bufferIS2_RS4_EE
FNDA:3765,_ZNSt3__16vectorIP5ValueNS_9allocatorIS2_EEE26__swap_out_circular_bufferERNS_14__split_bufferIS2_RS4_EE
FNDA:1759,_ZNSt3__16vectorIP5ValueNS_9allocatorIS2_EEE11__vallocateEm
FNDA:0,_ZNSt3__16vectorIP4TypeNS_9allocatorIS2_EEE11__vallocateEm
FNDA:0,_ZNKSt3__16vectorINS_3mapINS_12basic_stringIcNS_11char_traitsIcEENS_9allocatorIcEEEEP5ValueNS_4lessIS7_EENS5_INS_4pairIKS7_S9_EEEEEENS5_ISG_EEE8max_sizeEv
FNDA:5524,_ZNKSt3__16vectorIP5ValueNS_9allocatorIS2_EEE8max_sizeEv
FNDA:0,_ZNKSt3__16vectorIP4TypeNS_9allocatorIS2_EEE8max_sizeEv
FNDA:0,_ZNKSt3__16vectorINS_3mapINS_12basic_stringIcNS_11char_traitsIcEENS_9allocatorIcEEEEP5ValueNS_4lessIS7_EENS5_INS_4pairIKS7_S9_EEEEEENS5_ISG_EEE11__recommendEm
FNDA:18,_ZNKSt3__16vectorIP4TypeNS_9allocatorIS2_EEE11__recommendEm
FNDA:313,_ZNKSt3__16vectorIP5ValueNS_9allocatorIS2_EEE11__recommendEm
FNDA:1559,_ZNSt3__16vectorIP5ValueNS_9allocatorIS2_EEE18__construct_at_endIPS2_EENS_9enable_ifIXsr27__is_cpp17_forward_iteratorIT_EE5valueEvE4typeES9_S9_m
FNDA:0,_ZNSt3__16vectorIP4TypeNS_9allocatorIS2_EEE18__construct_at_endIPS2_EENS_9enable_ifIXsr27__is_cpp17_forward_iteratorIT_EE5valueEvE4typeES9_S9_m
FNDA:200,_ZNSt3__16vectorIP5ValueNS_9allocatorIS2_EEE18__construct_at_endIPKS2_EENS_9enable_ifIXsr27__is_cpp17_forward_iteratorIT_EE5valueEvE4typeESA_SA_m
FNDA:0,_ZNSt3__16vectorIP4TypeNS_9allocatorIS2_EEEC1ERKS5_
FNDA:1765,_ZNSt3__16vectorIP5ValueNS_9allocatorIS2_EEEC1ERKS5_
FNDA:1765,_ZNSt3__16vectorIP5ValueNS_9allocatorIS2_EEEC2ERKS5_
FNDA:0,_ZNSt3__16vectorIP4TypeNS_9allocatorIS2_EEEC2ERKS5_
FNDA:200,_ZNSt3__16vectorIP5ValueNS_9allocatorIS2_EEEC1ESt16initializer_listIS2_E
FNDA:200,_ZNSt3__16vectorIP5ValueNS_9allocatorIS2_EEEC2ESt16initializer_listIS2_E
FNDA:4785,_ZNSt3__16vectorINS_3mapINS_12basic_stringIcNS_11char_traitsIcEENS_9allocatorIcEEEEP5ValueNS_4lessIS7_EENS5_INS_4pairIKS7_S9_EEEEEENS5_ISG_EEE11__make_iterEPSG_
FNDA:82,_ZNSt3__16vectorINS_10shared_ptrI14ASTDeclarationEENS_9allocatorIS3_EEE11__make_iterEPS3_
FNDA:230,_ZNSt3__16vectorINS_10shared_ptrI8ASTParamEENS_9allocatorIS3_EEE11__make_iterEPS3_
FNDA:412,_ZNSt3__16vectorINS_10shared_ptrI17ASTVarDeclarationEENS_9allocatorIS3_EEE11__make_iterEPS3_
FNDA:412,_ZNSt3__16vectorINS_10shared_ptrI12ASTStatementEENS_9allocatorIS3_EEE11__make_iterEPS3_
FNDA:41,_ZNSt3__16vectorINS_10shared_ptrI14ASTDeclarationEENS_9allocatorIS3_EEE5beginEv
FNDA:115,_ZNSt3__16vectorINS_10shared_ptrI8ASTParamEENS_9allocatorIS3_EEE5beginEv
FNDA:206,_ZNSt3__16vectorINS_10shared_ptrI17ASTVarDeclarationEENS_9allocatorIS3_EEE5beginEv
FNDA:206,_ZNSt3__16vectorINS_10shared_ptrI12ASTStatementEENS_9allocatorIS3_EEE5beginEv
FNDA:3109,_ZNSt3__16vectorINS_3mapINS_12basic_stringIcNS_11char_traitsIcEENS_9allocatorIcEEEEP5ValueNS_4lessIS7_EENS5_INS_4pairIKS7_S9_EEEEEENS5_ISG_EEE5beginEv
FNDA:41,_ZNSt3__16vectorINS_10shared_ptrI14ASTDeclarationEENS_9allocatorIS3_EEE3endEv
FNDA:115,_ZNSt3__16vectorINS_10shared_ptrI8ASTParamEENS_9allocatorIS3_EEE3endEv
FNDA:206,_ZNSt3__16vectorINS_10shared_ptrI17ASTVarDeclarationEENS_9allocatorIS3_EEE3endEv
FNDA:206,_ZNSt3__16vectorINS_10shared_ptrI12ASTStatementEENS_9allocatorIS3_EEE3endEv
FNDA:1676,_ZNSt3__16vectorINS_3mapINS_12basic_stringIcNS_11char_traitsIcEENS_9allocatorIcEEEEP5ValueNS_4lessIS7_EENS5_INS_4pairIKS7_S9_EEEEEENS5_ISG_EEE3endEv
FNDA:420,_ZNSt3__16vectorINS_10shared_ptrI8ASTParamEENS_9allocatorIS3_EEEixEm
FNDA:313,_ZNSt3__16vectorINS_10shared_ptrI13ASTExpressionEENS_9allocatorIS3_EEEixEm
FNDA:0,_ZNSt3__16vectorINS_3mapINS_12basic_stringIcNS_11char_traitsIcEENS_9allocatorIcEEEEP5ValueNS_4lessIS7_EENS5_INS_4pairIKS7_S9_EEEEEENS5_ISG_EEEixEm
FNDA:0,_ZNSt3__16vectorINS_3mapINS_12basic_stringIcNS_11char_traitsIcEENS_9allocatorIcEEEEP5ValueNS_4lessIS7_EENS5_INS_4pairIKS7_S9_EEEEEENS5_ISG_EEE21__push_back_slow_pathISG_EEvOT_
FNDA:18,_ZNSt3__16vectorIP4TypeNS_9allocatorIS2_EEE21__push_back_slow_pathIS2_EEvOT_
FNDA:313,_ZNSt3__16vectorIP5ValueNS_9allocatorIS2_EEE21__push_back_slow_pathIRKS2_EEvOT_
FNDA:313,_ZNSt3__16vectorIP5ValueNS_9allocatorIS2_EEE9push_backERKS2_
FNDA:96,_ZNSt3__16vectorIP4TypeNS_9allocatorIS2_EEE9push_backEOS2_
FNDA:0,_ZNSt3__16vectorINS_3mapINS_12basic_stringIcNS_11char_traitsIcEENS_9allocatorIcEEEEP5ValueNS_4lessIS7_EENS5_INS_4pairIKS7_S9_EEEEEENS5_ISG_EEE9push_backEOSG_
FNDA:321,_ZNSt3__16vectorINS_3mapINS_12basic_stringIcNS_11char_traitsIcEENS_9allocatorIcEEEEP5ValueNS_4lessIS7_EENS5_INS_4pairIKS7_S9_EEEEEENS5_ISG_EEE8pop_backEv
FNDA:0,_ZNSt3__16vectorINS_3mapINS_12basic_stringIcNS_11char_traitsIcEENS_9allocatorIcEEEEP5ValueNS_4lessIS7_EENS5_INS_4pairIKS7_S9_EEEEEENS5_ISG_EEE26__invalidate_all_iteratorsEv
FNDA:115,_ZNSt3__16vectorIP4TypeNS_9allocatorIS2_EEE26__invalidate_all_iteratorsEv
FNDA:3765,_ZNSt3__16vectorIP5ValueNS_9allocatorIS2_EEE26__invalidate_all_iteratorsEv
FNDA:321,_ZNSt3__16vectorINS_3mapINS_12basic_stringIcNS_11char_traitsIcEENS_9allocatorIcEEEEP5ValueNS_4lessIS7_EENS5_INS_4pairIKS7_S9_EEEEEENS5_ISG_EEE27__invalidate_iterators_pastEPSG_
FNF:124
FNH:93
DA:303,2330
DA:347,13013
DA:348,13013
DA:350,7289
DA:351,7289
DA:353,5933
DA:354,5933
DA:356,24341
DA:357,24341
DA:360,565
DA:364,1765
DA:369,2127
DA:371,24341
DA:372,24341
DA:422,2448
DA:424,2448
DA:425,5757
DA:426,3309
DA:427,2448
DA:428,2448
DA:432,565
DA:434,565
DA:435,565
DA:436,565
DA:437,565
DA:438,565
DA:452,1765
DA:453,1765
DA:454,1765
DA:455,1765
DA:459,2318
DA:461,2318
DA:463,2012
DA:464,2012
DA:465,2012
DA:466,2318
DA:495,730
DA:496,730
DA:500,730
DA:549,2984
DA:550,1492
DA:551,1492
DA:555,2984
DA:564,200
DA:629,1676
DA:630,1676
DA:635,3109
DA:636,3109
DA:655,12726
DA:656,12726
DA:658,22329
DA:659,22329
DA:697,44868
DA:698,44868
DA:769,115
DA:771,115
DA:772,115
DA:773,115
DA:774,115
DA:775,115
DA:829,321
DA:831,321
DA:832,321
DA:833,321
DA:834,321
DA:835,321
DA:866,11217
DA:867,11217
DA:870,5524
DA:871,11048
DA:872,5524
DA:873,5524
DA:876,5257
DA:877,10514
DA:878,5257
DA:879,5257
DA:889,436
DA:891,872
DA:892,436
DA:893,436
DA:896,3518
DA:897,3518
DA:901,3518
DA:902,3518
DA:903,1759
DA:909,3518
DA:922,78
DA:923,78
DA:924,156
DA:925,78
DA:926,78
DA:927,78
DA:948,3765
DA:951,3765
DA:952,3765
DA:953,3765
DA:954,3765
DA:955,3765
DA:956,3765
DA:957,3765
DA:958,3765
DA:959,3765
DA:960,3765
DA:990,1759
DA:992,1759
DA:993,0
DA:994,1759
DA:995,1759
DA:996,1759
DA:997,1759
DA:1013,5524
DA:1015,11048
DA:1016,5524
DA:1023,331
DA:1025,331
DA:1026,331
DA:1027,0
DA:1028,331
DA:1029,331
DA:1030,0
DA:1031,331
DA:1032,331
DA:1073,1759
DA:1075,1759
DA:1076,1759
DA:1077,1759
DA:1248,3530
DA:1249,1765
DA:1250,3530
DA:1254,1765
DA:1255,1765
DA:1257,1559
DA:1258,1559
DA:1259,1559
DA:1260,3530
DA:1326,400
DA:1327,400
DA:1331,200
DA:1333,200
DA:1334,200
DA:1335,200
DA:1336,400
DA:1490,5921
DA:1495,5921
DA:1514,3677
DA:1516,3677
DA:1530,2244
DA:1532,2244
DA:1546,733
DA:1549,733
DA:1617,331
DA:1622,331
DA:1623,331
DA:1625,331
DA:1626,331
DA:1627,331
DA:1628,331
DA:1633,313
DA:1635,313
DA:1637,0
DA:1638,0
DA:1640,313
DA:1641,313
DA:1648,96
DA:1650,96
DA:1652,78
DA:1653,78
DA:1655,18
DA:1656,96
DA:1697,321
DA:1700,321
DA:1701,321
DA:2120,3880
DA:2125,3880
DA:2131,321
DA:2147,321
LF:176
LH:171
end_of_record
